This file contains any messages produced by compilers while
running configure, to aid debugging if configure makes a mistake.

It was created by sphinx configure 2.0.5, which was
generated by GNU Autoconf 2.65.  Invocation command line was

  $ ./configure 

## --------- ##
## Platform. ##
## --------- ##

hostname = yuva12-desktop
uname -m = i686
uname -r = 2.6.32-38-generic
uname -s = Linux
uname -v = #83-Ubuntu SMP Wed Jan 4 11:13:04 UTC 2012

/usr/bin/uname -p = unknown
/bin/uname -X     = unknown

/bin/arch              = unknown
/usr/bin/arch -k       = unknown
/usr/convex/getsysinfo = unknown
/usr/bin/hostinfo      = unknown
/bin/machine           = unknown
/usr/bin/oslevel       = unknown
/bin/universe          = unknown

PATH: /home/yuva12/.rvm/gems/ruby-1.9.3-p448/bin
PATH: /home/yuva12/.rvm/gems/ruby-1.9.3-p448@global/bin
PATH: /home/yuva12/.rvm/rubies/ruby-1.9.3-p448/bin
PATH: /home/yuva12/.rvm/bin
PATH: /usr/local/sbin
PATH: /usr/local/bin
PATH: /usr/sbin
PATH: /usr/bin
PATH: /sbin
PATH: /bin
PATH: /usr/games


## ----------- ##
## Core tests. ##
## ----------- ##

configure:2311: result: 
configure:2313: result: checking build environment
configure:2316: result: --------------------------
configure:2318: result: 
configure:2361: checking for a BSD-compatible install
configure:2429: result: /usr/bin/install -c
configure:2440: checking whether build environment is sane
configure:2490: result: yes
configure:2631: checking for a thread-safe mkdir -p
configure:2670: result: /bin/mkdir -p
configure:2683: checking for gawk
configure:2699: found /usr/bin/gawk
configure:2710: result: gawk
configure:2721: checking whether make sets $(MAKE)
configure:2743: result: yes
configure:2824: checking whether to enable maintainer-specific portions of Makefiles
configure:2833: result: no
configure:2856: result: 
configure:2858: result: checking for compiler programs
configure:2861: result: ------------------------------
configure:2863: result: 
configure:2877: checking whether to compile debug version
configure:2887: result: no
configure:2951: checking for gcc
configure:2967: found /usr/bin/gcc
configure:2978: result: gcc
configure:3207: checking for C compiler version
configure:3216: gcc --version >&5
gcc (Ubuntu 4.4.3-4ubuntu5.1) 4.4.3
Copyright (C) 2009 Free Software Foundation, Inc.
This is free software; see the source for copying conditions.  There is NO
warranty; not even for MERCHANTABILITY or FITNESS FOR A PARTICULAR PURPOSE.

configure:3227: $? = 0
configure:3216: gcc -v >&5
Using built-in specs.
Target: i486-linux-gnu
Configured with: ../src/configure -v --with-pkgversion='Ubuntu 4.4.3-4ubuntu5.1' --with-bugurl=file:///usr/share/doc/gcc-4.4/README.Bugs --enable-languages=c,c++,fortran,objc,obj-c++ --prefix=/usr --enable-shared --enable-multiarch --enable-linker-build-id --with-system-zlib --libexecdir=/usr/lib --without-included-gettext --enable-threads=posix --with-gxx-include-dir=/usr/include/c++/4.4 --program-suffix=-4.4 --enable-nls --enable-clocale=gnu --enable-libstdcxx-debug --enable-plugin --enable-objc-gc --enable-targets=all --disable-werror --with-arch-32=i486 --with-tune=generic --enable-checking=release --build=i486-linux-gnu --host=i486-linux-gnu --target=i486-linux-gnu
Thread model: posix
gcc version 4.4.3 (Ubuntu 4.4.3-4ubuntu5.1) 
configure:3227: $? = 0
configure:3216: gcc -V >&5
gcc: '-V' option must have argument
configure:3227: $? = 1
configure:3216: gcc -qversion >&5
gcc: unrecognized option '-qversion'
gcc: no input files
configure:3227: $? = 1
configure:3247: checking whether the C compiler works
configure:3269: gcc -Wall -g -D_FILE_OFFSET_BITS=64 -O3 -DNDEBUG  -I/usr/local/include  conftest.c  -L/usr/local/lib >&5
configure:3273: $? = 0
configure:3322: result: yes
configure:3325: checking for C compiler default output file name
configure:3327: result: a.out
configure:3333: checking for suffix of executables
configure:3340: gcc -o conftest -Wall -g -D_FILE_OFFSET_BITS=64 -O3 -DNDEBUG  -I/usr/local/include  conftest.c  -L/usr/local/lib >&5
configure:3344: $? = 0
configure:3366: result: 
configure:3388: checking whether we are cross compiling
configure:3396: gcc -o conftest -Wall -g -D_FILE_OFFSET_BITS=64 -O3 -DNDEBUG  -I/usr/local/include  conftest.c  -L/usr/local/lib >&5
configure:3400: $? = 0
configure:3407: ./conftest
configure:3411: $? = 0
configure:3426: result: no
configure:3431: checking for suffix of object files
configure:3453: gcc -c -Wall -g -D_FILE_OFFSET_BITS=64 -O3 -DNDEBUG  -I/usr/local/include conftest.c >&5
configure:3457: $? = 0
configure:3478: result: o
configure:3482: checking whether we are using the GNU C compiler
configure:3501: gcc -c -Wall -g -D_FILE_OFFSET_BITS=64 -O3 -DNDEBUG  -I/usr/local/include conftest.c >&5
configure:3501: $? = 0
configure:3510: result: yes
configure:3519: checking whether gcc accepts -g
configure:3539: gcc -c -g  -I/usr/local/include conftest.c >&5
configure:3539: $? = 0
configure:3580: result: yes
configure:3597: checking for gcc option to accept ISO C89
configure:3661: gcc  -c -Wall -g -D_FILE_OFFSET_BITS=64 -O3 -DNDEBUG  -I/usr/local/include conftest.c >&5
configure:3661: $? = 0
configure:3674: result: none needed
configure:3705: checking for style of include used by make
configure:3733: result: GNU
configure:3758: checking dependency style of gcc
configure:3868: result: gcc3
configure:3941: checking for g++
configure:3957: found /usr/bin/g++
configure:3968: result: g++
configure:3995: checking for C++ compiler version
configure:4004: g++ --version >&5
g++ (Ubuntu 4.4.3-4ubuntu5.1) 4.4.3
Copyright (C) 2009 Free Software Foundation, Inc.
This is free software; see the source for copying conditions.  There is NO
warranty; not even for MERCHANTABILITY or FITNESS FOR A PARTICULAR PURPOSE.

configure:4015: $? = 0
configure:4004: g++ -v >&5
Using built-in specs.
Target: i486-linux-gnu
Configured with: ../src/configure -v --with-pkgversion='Ubuntu 4.4.3-4ubuntu5.1' --with-bugurl=file:///usr/share/doc/gcc-4.4/README.Bugs --enable-languages=c,c++,fortran,objc,obj-c++ --prefix=/usr --enable-shared --enable-multiarch --enable-linker-build-id --with-system-zlib --libexecdir=/usr/lib --without-included-gettext --enable-threads=posix --with-gxx-include-dir=/usr/include/c++/4.4 --program-suffix=-4.4 --enable-nls --enable-clocale=gnu --enable-libstdcxx-debug --enable-plugin --enable-objc-gc --enable-targets=all --disable-werror --with-arch-32=i486 --with-tune=generic --enable-checking=release --build=i486-linux-gnu --host=i486-linux-gnu --target=i486-linux-gnu
Thread model: posix
gcc version 4.4.3 (Ubuntu 4.4.3-4ubuntu5.1) 
configure:4015: $? = 0
configure:4004: g++ -V >&5
g++: '-V' option must have argument
configure:4015: $? = 1
configure:4004: g++ -qversion >&5
g++: unrecognized option '-qversion'
g++: no input files
configure:4015: $? = 1
configure:4019: checking whether we are using the GNU C++ compiler
configure:4038: g++ -c -Wall -g -D_FILE_OFFSET_BITS=64 -O3 -DNDEBUG  -I/usr/local/include conftest.cpp >&5
configure:4038: $? = 0
configure:4047: result: yes
configure:4056: checking whether g++ accepts -g
configure:4076: g++ -c -g  -I/usr/local/include conftest.cpp >&5
configure:4076: $? = 0
configure:4117: result: yes
configure:4142: checking dependency style of g++
configure:4252: result: gcc3
configure:4310: checking for ranlib
configure:4326: found /usr/bin/ranlib
configure:4337: result: ranlib
configure:4373: gcc -c -Wall -g -D_FILE_OFFSET_BITS=64 -O3 -DNDEBUG  -I/usr/local/include conftest.c >&5
conftest.c:14: warning: return type of 'main' is not 'int'
configure:4373: $? = 0
configure:4393: result: 
configure:4395: result: checking for header files
configure:4398: result: -------------------------
configure:4400: result: 
configure:4410: checking how to run the C preprocessor
configure:4441: gcc -E  -I/usr/local/include conftest.c
configure:4441: $? = 0
configure:4455: gcc -E  -I/usr/local/include conftest.c
conftest.c:13:28: error: ac_nonexistent.h: No such file or directory
configure:4455: $? = 1
configure: failed program was:
| /* confdefs.h */
| #define PACKAGE_NAME "sphinx"
| #define PACKAGE_TARNAME "sphinx"
| #define PACKAGE_VERSION "2.0.5"
| #define PACKAGE_STRING "sphinx 2.0.5"
| #define PACKAGE_BUGREPORT "shodan(at)sphinxsearch.com"
| #define PACKAGE_URL ""
| #define PACKAGE "sphinx"
| #define VERSION "2.0.5"
| #define COMPILER "gcc 4.4.3"
| #define OS_UNAME "Linux yuva12-desktop 2.6.32-38-generic #83-Ubuntu SMP Wed Jan 4 11:13:04 UTC 2012 i686 GNU/Linux"
| /* end confdefs.h.  */
| #include <ac_nonexistent.h>
configure:4480: result: gcc -E
configure:4500: gcc -E  -I/usr/local/include conftest.c
configure:4500: $? = 0
configure:4514: gcc -E  -I/usr/local/include conftest.c
conftest.c:13:28: error: ac_nonexistent.h: No such file or directory
configure:4514: $? = 1
configure: failed program was:
| /* confdefs.h */
| #define PACKAGE_NAME "sphinx"
| #define PACKAGE_TARNAME "sphinx"
| #define PACKAGE_VERSION "2.0.5"
| #define PACKAGE_STRING "sphinx 2.0.5"
| #define PACKAGE_BUGREPORT "shodan(at)sphinxsearch.com"
| #define PACKAGE_URL ""
| #define PACKAGE "sphinx"
| #define VERSION "2.0.5"
| #define COMPILER "gcc 4.4.3"
| #define OS_UNAME "Linux yuva12-desktop 2.6.32-38-generic #83-Ubuntu SMP Wed Jan 4 11:13:04 UTC 2012 i686 GNU/Linux"
| /* end confdefs.h.  */
| #include <ac_nonexistent.h>
configure:4543: checking for grep that handles long lines and -e
configure:4601: result: /bin/grep
configure:4606: checking for egrep
configure:4668: result: /bin/grep -E
configure:4673: checking for ANSI C header files
configure:4693: gcc -c -Wall -g -D_FILE_OFFSET_BITS=64 -O3 -DNDEBUG  -I/usr/local/include conftest.c >&5
configure:4693: $? = 0
configure:4766: gcc -o conftest -Wall -g -D_FILE_OFFSET_BITS=64 -O3 -DNDEBUG  -I/usr/local/include  conftest.c  -L/usr/local/lib >&5
configure:4766: $? = 0
configure:4766: ./conftest
configure:4766: $? = 0
configure:4777: result: yes
configure:4785: checking for sys/wait.h that is POSIX.1 compatible
configure:4811: gcc -c -Wall -g -D_FILE_OFFSET_BITS=64 -O3 -DNDEBUG  -I/usr/local/include conftest.c >&5
configure:4811: $? = 0
configure:4818: result: yes
configure:4831: checking for sys/types.h
configure:4831: gcc -c -Wall -g -D_FILE_OFFSET_BITS=64 -O3 -DNDEBUG  -I/usr/local/include conftest.c >&5
configure:4831: $? = 0
configure:4831: result: yes
configure:4831: checking for sys/stat.h
configure:4831: gcc -c -Wall -g -D_FILE_OFFSET_BITS=64 -O3 -DNDEBUG  -I/usr/local/include conftest.c >&5
configure:4831: $? = 0
configure:4831: result: yes
configure:4831: checking for stdlib.h
configure:4831: gcc -c -Wall -g -D_FILE_OFFSET_BITS=64 -O3 -DNDEBUG  -I/usr/local/include conftest.c >&5
configure:4831: $? = 0
configure:4831: result: yes
configure:4831: checking for string.h
configure:4831: gcc -c -Wall -g -D_FILE_OFFSET_BITS=64 -O3 -DNDEBUG  -I/usr/local/include conftest.c >&5
configure:4831: $? = 0
configure:4831: result: yes
configure:4831: checking for memory.h
configure:4831: gcc -c -Wall -g -D_FILE_OFFSET_BITS=64 -O3 -DNDEBUG  -I/usr/local/include conftest.c >&5
configure:4831: $? = 0
configure:4831: result: yes
configure:4831: checking for strings.h
configure:4831: gcc -c -Wall -g -D_FILE_OFFSET_BITS=64 -O3 -DNDEBUG  -I/usr/local/include conftest.c >&5
configure:4831: $? = 0
configure:4831: result: yes
configure:4831: checking for inttypes.h
configure:4831: gcc -c -Wall -g -D_FILE_OFFSET_BITS=64 -O3 -DNDEBUG  -I/usr/local/include conftest.c >&5
configure:4831: $? = 0
configure:4831: result: yes
configure:4831: checking for stdint.h
configure:4831: gcc -c -Wall -g -D_FILE_OFFSET_BITS=64 -O3 -DNDEBUG  -I/usr/local/include conftest.c >&5
configure:4831: $? = 0
configure:4831: result: yes
configure:4831: checking for unistd.h
configure:4831: gcc -c -Wall -g -D_FILE_OFFSET_BITS=64 -O3 -DNDEBUG  -I/usr/local/include conftest.c >&5
configure:4831: $? = 0
configure:4831: result: yes
configure:4847: checking fcntl.h usability
configure:4847: gcc -c -Wall -g -D_FILE_OFFSET_BITS=64 -O3 -DNDEBUG  -I/usr/local/include conftest.c >&5
configure:4847: $? = 0
configure:4847: result: yes
configure:4847: checking fcntl.h presence
configure:4847: gcc -E  -I/usr/local/include conftest.c
configure:4847: $? = 0
configure:4847: result: yes
configure:4847: checking for fcntl.h
configure:4847: result: yes
configure:4847: checking limits.h usability
configure:4847: gcc -c -Wall -g -D_FILE_OFFSET_BITS=64 -O3 -DNDEBUG  -I/usr/local/include conftest.c >&5
configure:4847: $? = 0
configure:4847: result: yes
configure:4847: checking limits.h presence
configure:4847: gcc -E  -I/usr/local/include conftest.c
configure:4847: $? = 0
configure:4847: result: yes
configure:4847: checking for limits.h
configure:4847: result: yes
configure:4847: checking netdb.h usability
configure:4847: gcc -c -Wall -g -D_FILE_OFFSET_BITS=64 -O3 -DNDEBUG  -I/usr/local/include conftest.c >&5
configure:4847: $? = 0
configure:4847: result: yes
configure:4847: checking netdb.h presence
configure:4847: gcc -E  -I/usr/local/include conftest.c
configure:4847: $? = 0
configure:4847: result: yes
configure:4847: checking for netdb.h
configure:4847: result: yes
configure:4847: checking netinet/in.h usability
configure:4847: gcc -c -Wall -g -D_FILE_OFFSET_BITS=64 -O3 -DNDEBUG  -I/usr/local/include conftest.c >&5
configure:4847: $? = 0
configure:4847: result: yes
configure:4847: checking netinet/in.h presence
configure:4847: gcc -E  -I/usr/local/include conftest.c
configure:4847: $? = 0
configure:4847: result: yes
configure:4847: checking for netinet/in.h
configure:4847: result: yes
configure:4847: checking for stdlib.h
configure:4847: result: yes
configure:4847: checking for string.h
configure:4847: result: yes
configure:4847: checking sys/file.h usability
configure:4847: gcc -c -Wall -g -D_FILE_OFFSET_BITS=64 -O3 -DNDEBUG  -I/usr/local/include conftest.c >&5
configure:4847: $? = 0
configure:4847: result: yes
configure:4847: checking sys/file.h presence
configure:4847: gcc -E  -I/usr/local/include conftest.c
configure:4847: $? = 0
configure:4847: result: yes
configure:4847: checking for sys/file.h
configure:4847: result: yes
configure:4847: checking sys/socket.h usability
configure:4847: gcc -c -Wall -g -D_FILE_OFFSET_BITS=64 -O3 -DNDEBUG  -I/usr/local/include conftest.c >&5
configure:4847: $? = 0
configure:4847: result: yes
configure:4847: checking sys/socket.h presence
configure:4847: gcc -E  -I/usr/local/include conftest.c
configure:4847: $? = 0
configure:4847: result: yes
configure:4847: checking for sys/socket.h
configure:4847: result: yes
configure:4847: checking sys/time.h usability
configure:4847: gcc -c -Wall -g -D_FILE_OFFSET_BITS=64 -O3 -DNDEBUG  -I/usr/local/include conftest.c >&5
configure:4847: $? = 0
configure:4847: result: yes
configure:4847: checking sys/time.h presence
configure:4847: gcc -E  -I/usr/local/include conftest.c
configure:4847: $? = 0
configure:4847: result: yes
configure:4847: checking for sys/time.h
configure:4847: result: yes
configure:4847: checking for unistd.h
configure:4847: result: yes
configure:4847: checking pthread.h usability
configure:4847: gcc -c -Wall -g -D_FILE_OFFSET_BITS=64 -O3 -DNDEBUG  -I/usr/local/include conftest.c >&5
configure:4847: $? = 0
configure:4847: result: yes
configure:4847: checking pthread.h presence
configure:4847: gcc -E  -I/usr/local/include conftest.c
configure:4847: $? = 0
configure:4847: result: yes
configure:4847: checking for pthread.h
configure:4847: result: yes
configure:4847: checking execinfo.h usability
configure:4847: gcc -c -Wall -g -D_FILE_OFFSET_BITS=64 -O3 -DNDEBUG  -I/usr/local/include conftest.c >&5
configure:4847: $? = 0
configure:4847: result: yes
configure:4847: checking execinfo.h presence
configure:4847: gcc -E  -I/usr/local/include conftest.c
configure:4847: $? = 0
configure:4847: result: yes
configure:4847: checking for execinfo.h
configure:4847: result: yes
configure:4858: checking expat.h usability
configure:4858: gcc -c -Wall -g -D_FILE_OFFSET_BITS=64 -O3 -DNDEBUG  -I/usr/local/include conftest.c >&5
conftest.c:69:19: error: expat.h: No such file or directory
configure:4858: $? = 1
configure: failed program was:
| /* confdefs.h */
| #define PACKAGE_NAME "sphinx"
| #define PACKAGE_TARNAME "sphinx"
| #define PACKAGE_VERSION "2.0.5"
| #define PACKAGE_STRING "sphinx 2.0.5"
| #define PACKAGE_BUGREPORT "shodan(at)sphinxsearch.com"
| #define PACKAGE_URL ""
| #define PACKAGE "sphinx"
| #define VERSION "2.0.5"
| #define COMPILER "gcc 4.4.3"
| #define OS_UNAME "Linux yuva12-desktop 2.6.32-38-generic #83-Ubuntu SMP Wed Jan 4 11:13:04 UTC 2012 i686 GNU/Linux"
| #define STDC_HEADERS 1
| #define HAVE_SYS_WAIT_H 1
| #define HAVE_SYS_TYPES_H 1
| #define HAVE_SYS_STAT_H 1
| #define HAVE_STDLIB_H 1
| #define HAVE_STRING_H 1
| #define HAVE_MEMORY_H 1
| #define HAVE_STRINGS_H 1
| #define HAVE_INTTYPES_H 1
| #define HAVE_STDINT_H 1
| #define HAVE_UNISTD_H 1
| #define HAVE_FCNTL_H 1
| #define HAVE_LIMITS_H 1
| #define HAVE_NETDB_H 1
| #define HAVE_NETINET_IN_H 1
| #define HAVE_STDLIB_H 1
| #define HAVE_STRING_H 1
| #define HAVE_SYS_FILE_H 1
| #define HAVE_SYS_SOCKET_H 1
| #define HAVE_SYS_TIME_H 1
| #define HAVE_UNISTD_H 1
| #define HAVE_PTHREAD_H 1
| #define HAVE_EXECINFO_H 1
| /* end confdefs.h.  */
| #include <stdio.h>
| #ifdef HAVE_SYS_TYPES_H
| # include <sys/types.h>
| #endif
| #ifdef HAVE_SYS_STAT_H
| # include <sys/stat.h>
| #endif
| #ifdef STDC_HEADERS
| # include <stdlib.h>
| # include <stddef.h>
| #else
| # ifdef HAVE_STDLIB_H
| #  include <stdlib.h>
| # endif
| #endif
| #ifdef HAVE_STRING_H
| # if !defined STDC_HEADERS && defined HAVE_MEMORY_H
| #  include <memory.h>
| # endif
| # include <string.h>
| #endif
| #ifdef HAVE_STRINGS_H
| # include <strings.h>
| #endif
| #ifdef HAVE_INTTYPES_H
| # include <inttypes.h>
| #endif
| #ifdef HAVE_STDINT_H
| # include <stdint.h>
| #endif
| #ifdef HAVE_UNISTD_H
| # include <unistd.h>
| #endif
| #include <expat.h>
configure:4858: result: no
configure:4858: checking expat.h presence
configure:4858: gcc -E  -I/usr/local/include conftest.c
conftest.c:36:19: error: expat.h: No such file or directory
configure:4858: $? = 1
configure: failed program was:
| /* confdefs.h */
| #define PACKAGE_NAME "sphinx"
| #define PACKAGE_TARNAME "sphinx"
| #define PACKAGE_VERSION "2.0.5"
| #define PACKAGE_STRING "sphinx 2.0.5"
| #define PACKAGE_BUGREPORT "shodan(at)sphinxsearch.com"
| #define PACKAGE_URL ""
| #define PACKAGE "sphinx"
| #define VERSION "2.0.5"
| #define COMPILER "gcc 4.4.3"
| #define OS_UNAME "Linux yuva12-desktop 2.6.32-38-generic #83-Ubuntu SMP Wed Jan 4 11:13:04 UTC 2012 i686 GNU/Linux"
| #define STDC_HEADERS 1
| #define HAVE_SYS_WAIT_H 1
| #define HAVE_SYS_TYPES_H 1
| #define HAVE_SYS_STAT_H 1
| #define HAVE_STDLIB_H 1
| #define HAVE_STRING_H 1
| #define HAVE_MEMORY_H 1
| #define HAVE_STRINGS_H 1
| #define HAVE_INTTYPES_H 1
| #define HAVE_STDINT_H 1
| #define HAVE_UNISTD_H 1
| #define HAVE_FCNTL_H 1
| #define HAVE_LIMITS_H 1
| #define HAVE_NETDB_H 1
| #define HAVE_NETINET_IN_H 1
| #define HAVE_STDLIB_H 1
| #define HAVE_STRING_H 1
| #define HAVE_SYS_FILE_H 1
| #define HAVE_SYS_SOCKET_H 1
| #define HAVE_SYS_TIME_H 1
| #define HAVE_UNISTD_H 1
| #define HAVE_PTHREAD_H 1
| #define HAVE_EXECINFO_H 1
| /* end confdefs.h.  */
| #include <expat.h>
configure:4858: result: no
configure:4858: checking for expat.h
configure:4858: result: no
configure:4866: checking iconv.h usability
configure:4866: gcc -c -Wall -g -D_FILE_OFFSET_BITS=64 -O3 -DNDEBUG  -I/usr/local/include conftest.c >&5
configure:4866: $? = 0
configure:4866: result: yes
configure:4866: checking iconv.h presence
configure:4866: gcc -E  -I/usr/local/include conftest.c
configure:4866: $? = 0
configure:4866: result: yes
configure:4866: checking for iconv.h
configure:4866: result: yes
configure:4874: checking zlib.h usability
configure:4874: gcc -c -Wall -g -D_FILE_OFFSET_BITS=64 -O3 -DNDEBUG  -I/usr/local/include conftest.c >&5
configure:4874: $? = 0
configure:4874: result: yes
configure:4874: checking zlib.h presence
configure:4874: gcc -E  -I/usr/local/include conftest.c
configure:4874: $? = 0
configure:4874: result: yes
configure:4874: checking for zlib.h
configure:4874: result: yes
configure:4882: checking sql.h usability
configure:4882: gcc -c -Wall -g -D_FILE_OFFSET_BITS=64 -O3 -DNDEBUG  -I/usr/local/include conftest.c >&5
conftest.c:69:17: error: sql.h: No such file or directory
configure:4882: $? = 1
configure: failed program was:
| /* confdefs.h */
| #define PACKAGE_NAME "sphinx"
| #define PACKAGE_TARNAME "sphinx"
| #define PACKAGE_VERSION "2.0.5"
| #define PACKAGE_STRING "sphinx 2.0.5"
| #define PACKAGE_BUGREPORT "shodan(at)sphinxsearch.com"
| #define PACKAGE_URL ""
| #define PACKAGE "sphinx"
| #define VERSION "2.0.5"
| #define COMPILER "gcc 4.4.3"
| #define OS_UNAME "Linux yuva12-desktop 2.6.32-38-generic #83-Ubuntu SMP Wed Jan 4 11:13:04 UTC 2012 i686 GNU/Linux"
| #define STDC_HEADERS 1
| #define HAVE_SYS_WAIT_H 1
| #define HAVE_SYS_TYPES_H 1
| #define HAVE_SYS_STAT_H 1
| #define HAVE_STDLIB_H 1
| #define HAVE_STRING_H 1
| #define HAVE_MEMORY_H 1
| #define HAVE_STRINGS_H 1
| #define HAVE_INTTYPES_H 1
| #define HAVE_STDINT_H 1
| #define HAVE_UNISTD_H 1
| #define HAVE_FCNTL_H 1
| #define HAVE_LIMITS_H 1
| #define HAVE_NETDB_H 1
| #define HAVE_NETINET_IN_H 1
| #define HAVE_STDLIB_H 1
| #define HAVE_STRING_H 1
| #define HAVE_SYS_FILE_H 1
| #define HAVE_SYS_SOCKET_H 1
| #define HAVE_SYS_TIME_H 1
| #define HAVE_UNISTD_H 1
| #define HAVE_PTHREAD_H 1
| #define HAVE_EXECINFO_H 1
| /* end confdefs.h.  */
| #include <stdio.h>
| #ifdef HAVE_SYS_TYPES_H
| # include <sys/types.h>
| #endif
| #ifdef HAVE_SYS_STAT_H
| # include <sys/stat.h>
| #endif
| #ifdef STDC_HEADERS
| # include <stdlib.h>
| # include <stddef.h>
| #else
| # ifdef HAVE_STDLIB_H
| #  include <stdlib.h>
| # endif
| #endif
| #ifdef HAVE_STRING_H
| # if !defined STDC_HEADERS && defined HAVE_MEMORY_H
| #  include <memory.h>
| # endif
| # include <string.h>
| #endif
| #ifdef HAVE_STRINGS_H
| # include <strings.h>
| #endif
| #ifdef HAVE_INTTYPES_H
| # include <inttypes.h>
| #endif
| #ifdef HAVE_STDINT_H
| # include <stdint.h>
| #endif
| #ifdef HAVE_UNISTD_H
| # include <unistd.h>
| #endif
| #include <sql.h>
configure:4882: result: no
configure:4882: checking sql.h presence
configure:4882: gcc -E  -I/usr/local/include conftest.c
conftest.c:36:17: error: sql.h: No such file or directory
configure:4882: $? = 1
configure: failed program was:
| /* confdefs.h */
| #define PACKAGE_NAME "sphinx"
| #define PACKAGE_TARNAME "sphinx"
| #define PACKAGE_VERSION "2.0.5"
| #define PACKAGE_STRING "sphinx 2.0.5"
| #define PACKAGE_BUGREPORT "shodan(at)sphinxsearch.com"
| #define PACKAGE_URL ""
| #define PACKAGE "sphinx"
| #define VERSION "2.0.5"
| #define COMPILER "gcc 4.4.3"
| #define OS_UNAME "Linux yuva12-desktop 2.6.32-38-generic #83-Ubuntu SMP Wed Jan 4 11:13:04 UTC 2012 i686 GNU/Linux"
| #define STDC_HEADERS 1
| #define HAVE_SYS_WAIT_H 1
| #define HAVE_SYS_TYPES_H 1
| #define HAVE_SYS_STAT_H 1
| #define HAVE_STDLIB_H 1
| #define HAVE_STRING_H 1
| #define HAVE_MEMORY_H 1
| #define HAVE_STRINGS_H 1
| #define HAVE_INTTYPES_H 1
| #define HAVE_STDINT_H 1
| #define HAVE_UNISTD_H 1
| #define HAVE_FCNTL_H 1
| #define HAVE_LIMITS_H 1
| #define HAVE_NETDB_H 1
| #define HAVE_NETINET_IN_H 1
| #define HAVE_STDLIB_H 1
| #define HAVE_STRING_H 1
| #define HAVE_SYS_FILE_H 1
| #define HAVE_SYS_SOCKET_H 1
| #define HAVE_SYS_TIME_H 1
| #define HAVE_UNISTD_H 1
| #define HAVE_PTHREAD_H 1
| #define HAVE_EXECINFO_H 1
| /* end confdefs.h.  */
| #include <sql.h>
configure:4882: result: no
configure:4882: checking for sql.h
configure:4882: result: no
configure:4890: checking syslog.h usability
configure:4890: gcc -c -Wall -g -D_FILE_OFFSET_BITS=64 -O3 -DNDEBUG  -I/usr/local/include conftest.c >&5
configure:4890: $? = 0
configure:4890: result: yes
configure:4890: checking syslog.h presence
configure:4890: gcc -E  -I/usr/local/include conftest.c
configure:4890: $? = 0
configure:4890: result: yes
configure:4890: checking for syslog.h
configure:4890: result: yes
configure:4901: result: 
configure:4903: result: checking for types
configure:4906: result: ------------------
configure:4908: result: 
configure:4913: checking for stdbool.h that conforms to C99
configure:4998: gcc -c -Wall -g -D_FILE_OFFSET_BITS=64 -O3 -DNDEBUG  -I/usr/local/include conftest.c >&5
conftest.c:63: warning: the address of 's' will always evaluate as 'true'
conftest.c: In function 'main':
conftest.c:107: warning: the address of 'a' will always evaluate as 'true'
conftest.c:107: warning: the address of 'b' will always evaluate as 'true'
conftest.c:107: warning: the address of 'c' will always evaluate as 'true'
conftest.c:107: warning: the address of 'd' will always evaluate as 'true'
conftest.c:107: warning: the address of 'f' will always evaluate as 'true'
conftest.c:107: warning: the address of 'g' will always evaluate as 'true'
conftest.c:107: warning: the address of 'h' will always evaluate as 'true'
conftest.c:107: warning: the address of 'i' will always evaluate as 'true'
conftest.c:108: warning: the address of 'n' will always evaluate as 'true'
conftest.c:108: warning: the address of 'o' will always evaluate as 'true'
conftest.c:108: warning: the address of 'p' will always evaluate as 'true'
configure:4998: $? = 0
configure:5005: result: yes
configure:5007: checking for _Bool
configure:5007: gcc -c -Wall -g -D_FILE_OFFSET_BITS=64 -O3 -DNDEBUG  -I/usr/local/include conftest.c >&5
configure:5007: $? = 0
configure:5007: gcc -c -Wall -g -D_FILE_OFFSET_BITS=64 -O3 -DNDEBUG  -I/usr/local/include conftest.c >&5
conftest.c: In function 'main':
conftest.c:72: error: expected expression before ')' token
configure:5007: $? = 1
configure: failed program was:
| /* confdefs.h */
| #define PACKAGE_NAME "sphinx"
| #define PACKAGE_TARNAME "sphinx"
| #define PACKAGE_VERSION "2.0.5"
| #define PACKAGE_STRING "sphinx 2.0.5"
| #define PACKAGE_BUGREPORT "shodan(at)sphinxsearch.com"
| #define PACKAGE_URL ""
| #define PACKAGE "sphinx"
| #define VERSION "2.0.5"
| #define COMPILER "gcc 4.4.3"
| #define OS_UNAME "Linux yuva12-desktop 2.6.32-38-generic #83-Ubuntu SMP Wed Jan 4 11:13:04 UTC 2012 i686 GNU/Linux"
| #define STDC_HEADERS 1
| #define HAVE_SYS_WAIT_H 1
| #define HAVE_SYS_TYPES_H 1
| #define HAVE_SYS_STAT_H 1
| #define HAVE_STDLIB_H 1
| #define HAVE_STRING_H 1
| #define HAVE_MEMORY_H 1
| #define HAVE_STRINGS_H 1
| #define HAVE_INTTYPES_H 1
| #define HAVE_STDINT_H 1
| #define HAVE_UNISTD_H 1
| #define HAVE_FCNTL_H 1
| #define HAVE_LIMITS_H 1
| #define HAVE_NETDB_H 1
| #define HAVE_NETINET_IN_H 1
| #define HAVE_STDLIB_H 1
| #define HAVE_STRING_H 1
| #define HAVE_SYS_FILE_H 1
| #define HAVE_SYS_SOCKET_H 1
| #define HAVE_SYS_TIME_H 1
| #define HAVE_UNISTD_H 1
| #define HAVE_PTHREAD_H 1
| #define HAVE_EXECINFO_H 1
| /* end confdefs.h.  */
| #include <stdio.h>
| #ifdef HAVE_SYS_TYPES_H
| # include <sys/types.h>
| #endif
| #ifdef HAVE_SYS_STAT_H
| # include <sys/stat.h>
| #endif
| #ifdef STDC_HEADERS
| # include <stdlib.h>
| # include <stddef.h>
| #else
| # ifdef HAVE_STDLIB_H
| #  include <stdlib.h>
| # endif
| #endif
| #ifdef HAVE_STRING_H
| # if !defined STDC_HEADERS && defined HAVE_MEMORY_H
| #  include <memory.h>
| # endif
| # include <string.h>
| #endif
| #ifdef HAVE_STRINGS_H
| # include <strings.h>
| #endif
| #ifdef HAVE_INTTYPES_H
| # include <inttypes.h>
| #endif
| #ifdef HAVE_STDINT_H
| # include <stdint.h>
| #endif
| #ifdef HAVE_UNISTD_H
| # include <unistd.h>
| #endif
| int
| main ()
| {
| if (sizeof ((_Bool)))
| 	    return 0;
|   ;
|   return 0;
| }
configure:5007: result: yes
configure:5023: checking for an ANSI C-conforming const
configure:5088: gcc -c -Wall -g -D_FILE_OFFSET_BITS=64 -O3 -DNDEBUG  -I/usr/local/include conftest.c >&5
conftest.c: In function 'main':
conftest.c:67: warning: 't' is used uninitialized in this function
conftest.c:83: warning: 'b' is used uninitialized in this function
conftest.c:46: warning: 'cs[0]' is used uninitialized in this function
configure:5088: $? = 0
configure:5095: result: yes
configure:5103: checking for inline
configure:5119: gcc -c -Wall -g -D_FILE_OFFSET_BITS=64 -O3 -DNDEBUG  -I/usr/local/include conftest.c >&5
configure:5119: $? = 0
configure:5127: result: inline
configure:5145: checking for off_t
configure:5145: gcc -c -Wall -g -D_FILE_OFFSET_BITS=64 -O3 -DNDEBUG  -I/usr/local/include conftest.c >&5
configure:5145: $? = 0
configure:5145: gcc -c -Wall -g -D_FILE_OFFSET_BITS=64 -O3 -DNDEBUG  -I/usr/local/include conftest.c >&5
conftest.c: In function 'main':
conftest.c:74: error: expected expression before ')' token
configure:5145: $? = 1
configure: failed program was:
| /* confdefs.h */
| #define PACKAGE_NAME "sphinx"
| #define PACKAGE_TARNAME "sphinx"
| #define PACKAGE_VERSION "2.0.5"
| #define PACKAGE_STRING "sphinx 2.0.5"
| #define PACKAGE_BUGREPORT "shodan(at)sphinxsearch.com"
| #define PACKAGE_URL ""
| #define PACKAGE "sphinx"
| #define VERSION "2.0.5"
| #define COMPILER "gcc 4.4.3"
| #define OS_UNAME "Linux yuva12-desktop 2.6.32-38-generic #83-Ubuntu SMP Wed Jan 4 11:13:04 UTC 2012 i686 GNU/Linux"
| #define STDC_HEADERS 1
| #define HAVE_SYS_WAIT_H 1
| #define HAVE_SYS_TYPES_H 1
| #define HAVE_SYS_STAT_H 1
| #define HAVE_STDLIB_H 1
| #define HAVE_STRING_H 1
| #define HAVE_MEMORY_H 1
| #define HAVE_STRINGS_H 1
| #define HAVE_INTTYPES_H 1
| #define HAVE_STDINT_H 1
| #define HAVE_UNISTD_H 1
| #define HAVE_FCNTL_H 1
| #define HAVE_LIMITS_H 1
| #define HAVE_NETDB_H 1
| #define HAVE_NETINET_IN_H 1
| #define HAVE_STDLIB_H 1
| #define HAVE_STRING_H 1
| #define HAVE_SYS_FILE_H 1
| #define HAVE_SYS_SOCKET_H 1
| #define HAVE_SYS_TIME_H 1
| #define HAVE_UNISTD_H 1
| #define HAVE_PTHREAD_H 1
| #define HAVE_EXECINFO_H 1
| #define HAVE__BOOL 1
| #define HAVE_STDBOOL_H 1
| /* end confdefs.h.  */
| #include <stdio.h>
| #ifdef HAVE_SYS_TYPES_H
| # include <sys/types.h>
| #endif
| #ifdef HAVE_SYS_STAT_H
| # include <sys/stat.h>
| #endif
| #ifdef STDC_HEADERS
| # include <stdlib.h>
| # include <stddef.h>
| #else
| # ifdef HAVE_STDLIB_H
| #  include <stdlib.h>
| # endif
| #endif
| #ifdef HAVE_STRING_H
| # if !defined STDC_HEADERS && defined HAVE_MEMORY_H
| #  include <memory.h>
| # endif
| # include <string.h>
| #endif
| #ifdef HAVE_STRINGS_H
| # include <strings.h>
| #endif
| #ifdef HAVE_INTTYPES_H
| # include <inttypes.h>
| #endif
| #ifdef HAVE_STDINT_H
| # include <stdint.h>
| #endif
| #ifdef HAVE_UNISTD_H
| # include <unistd.h>
| #endif
| int
| main ()
| {
| if (sizeof ((off_t)))
| 	    return 0;
|   ;
|   return 0;
| }
configure:5145: result: yes
configure:5156: checking for size_t
configure:5156: gcc -c -Wall -g -D_FILE_OFFSET_BITS=64 -O3 -DNDEBUG  -I/usr/local/include conftest.c >&5
configure:5156: $? = 0
configure:5156: gcc -c -Wall -g -D_FILE_OFFSET_BITS=64 -O3 -DNDEBUG  -I/usr/local/include conftest.c >&5
conftest.c: In function 'main':
conftest.c:74: error: expected expression before ')' token
configure:5156: $? = 1
configure: failed program was:
| /* confdefs.h */
| #define PACKAGE_NAME "sphinx"
| #define PACKAGE_TARNAME "sphinx"
| #define PACKAGE_VERSION "2.0.5"
| #define PACKAGE_STRING "sphinx 2.0.5"
| #define PACKAGE_BUGREPORT "shodan(at)sphinxsearch.com"
| #define PACKAGE_URL ""
| #define PACKAGE "sphinx"
| #define VERSION "2.0.5"
| #define COMPILER "gcc 4.4.3"
| #define OS_UNAME "Linux yuva12-desktop 2.6.32-38-generic #83-Ubuntu SMP Wed Jan 4 11:13:04 UTC 2012 i686 GNU/Linux"
| #define STDC_HEADERS 1
| #define HAVE_SYS_WAIT_H 1
| #define HAVE_SYS_TYPES_H 1
| #define HAVE_SYS_STAT_H 1
| #define HAVE_STDLIB_H 1
| #define HAVE_STRING_H 1
| #define HAVE_MEMORY_H 1
| #define HAVE_STRINGS_H 1
| #define HAVE_INTTYPES_H 1
| #define HAVE_STDINT_H 1
| #define HAVE_UNISTD_H 1
| #define HAVE_FCNTL_H 1
| #define HAVE_LIMITS_H 1
| #define HAVE_NETDB_H 1
| #define HAVE_NETINET_IN_H 1
| #define HAVE_STDLIB_H 1
| #define HAVE_STRING_H 1
| #define HAVE_SYS_FILE_H 1
| #define HAVE_SYS_SOCKET_H 1
| #define HAVE_SYS_TIME_H 1
| #define HAVE_UNISTD_H 1
| #define HAVE_PTHREAD_H 1
| #define HAVE_EXECINFO_H 1
| #define HAVE__BOOL 1
| #define HAVE_STDBOOL_H 1
| /* end confdefs.h.  */
| #include <stdio.h>
| #ifdef HAVE_SYS_TYPES_H
| # include <sys/types.h>
| #endif
| #ifdef HAVE_SYS_STAT_H
| # include <sys/stat.h>
| #endif
| #ifdef STDC_HEADERS
| # include <stdlib.h>
| # include <stddef.h>
| #else
| # ifdef HAVE_STDLIB_H
| #  include <stdlib.h>
| # endif
| #endif
| #ifdef HAVE_STRING_H
| # if !defined STDC_HEADERS && defined HAVE_MEMORY_H
| #  include <memory.h>
| # endif
| # include <string.h>
| #endif
| #ifdef HAVE_STRINGS_H
| # include <strings.h>
| #endif
| #ifdef HAVE_INTTYPES_H
| # include <inttypes.h>
| #endif
| #ifdef HAVE_STDINT_H
| # include <stdint.h>
| #endif
| #ifdef HAVE_UNISTD_H
| # include <unistd.h>
| #endif
| int
| main ()
| {
| if (sizeof ((size_t)))
| 	    return 0;
|   ;
|   return 0;
| }
configure:5156: result: yes
configure:5167: checking whether time.h and sys/time.h may both be included
configure:5187: gcc -c -Wall -g -D_FILE_OFFSET_BITS=64 -O3 -DNDEBUG  -I/usr/local/include conftest.c >&5
configure:5187: $? = 0
configure:5194: result: yes
configure:5205: result: 
configure:5207: result: checking for library functions
configure:5210: result: ------------------------------
configure:5212: result: 
configure:5217: checking for pid_t
configure:5217: gcc -c -Wall -g -D_FILE_OFFSET_BITS=64 -O3 -DNDEBUG  -I/usr/local/include conftest.c >&5
configure:5217: $? = 0
configure:5217: gcc -c -Wall -g -D_FILE_OFFSET_BITS=64 -O3 -DNDEBUG  -I/usr/local/include conftest.c >&5
conftest.c: In function 'main':
conftest.c:75: error: expected expression before ')' token
configure:5217: $? = 1
configure: failed program was:
| /* confdefs.h */
| #define PACKAGE_NAME "sphinx"
| #define PACKAGE_TARNAME "sphinx"
| #define PACKAGE_VERSION "2.0.5"
| #define PACKAGE_STRING "sphinx 2.0.5"
| #define PACKAGE_BUGREPORT "shodan(at)sphinxsearch.com"
| #define PACKAGE_URL ""
| #define PACKAGE "sphinx"
| #define VERSION "2.0.5"
| #define COMPILER "gcc 4.4.3"
| #define OS_UNAME "Linux yuva12-desktop 2.6.32-38-generic #83-Ubuntu SMP Wed Jan 4 11:13:04 UTC 2012 i686 GNU/Linux"
| #define STDC_HEADERS 1
| #define HAVE_SYS_WAIT_H 1
| #define HAVE_SYS_TYPES_H 1
| #define HAVE_SYS_STAT_H 1
| #define HAVE_STDLIB_H 1
| #define HAVE_STRING_H 1
| #define HAVE_MEMORY_H 1
| #define HAVE_STRINGS_H 1
| #define HAVE_INTTYPES_H 1
| #define HAVE_STDINT_H 1
| #define HAVE_UNISTD_H 1
| #define HAVE_FCNTL_H 1
| #define HAVE_LIMITS_H 1
| #define HAVE_NETDB_H 1
| #define HAVE_NETINET_IN_H 1
| #define HAVE_STDLIB_H 1
| #define HAVE_STRING_H 1
| #define HAVE_SYS_FILE_H 1
| #define HAVE_SYS_SOCKET_H 1
| #define HAVE_SYS_TIME_H 1
| #define HAVE_UNISTD_H 1
| #define HAVE_PTHREAD_H 1
| #define HAVE_EXECINFO_H 1
| #define HAVE__BOOL 1
| #define HAVE_STDBOOL_H 1
| #define TIME_WITH_SYS_TIME 1
| /* end confdefs.h.  */
| #include <stdio.h>
| #ifdef HAVE_SYS_TYPES_H
| # include <sys/types.h>
| #endif
| #ifdef HAVE_SYS_STAT_H
| # include <sys/stat.h>
| #endif
| #ifdef STDC_HEADERS
| # include <stdlib.h>
| # include <stddef.h>
| #else
| # ifdef HAVE_STDLIB_H
| #  include <stdlib.h>
| # endif
| #endif
| #ifdef HAVE_STRING_H
| # if !defined STDC_HEADERS && defined HAVE_MEMORY_H
| #  include <memory.h>
| # endif
| # include <string.h>
| #endif
| #ifdef HAVE_STRINGS_H
| # include <strings.h>
| #endif
| #ifdef HAVE_INTTYPES_H
| # include <inttypes.h>
| #endif
| #ifdef HAVE_STDINT_H
| # include <stdint.h>
| #endif
| #ifdef HAVE_UNISTD_H
| # include <unistd.h>
| #endif
| int
| main ()
| {
| if (sizeof ((pid_t)))
| 	    return 0;
|   ;
|   return 0;
| }
configure:5217: result: yes
configure:5230: checking vfork.h usability
configure:5230: gcc -c -Wall -g -D_FILE_OFFSET_BITS=64 -O3 -DNDEBUG  -I/usr/local/include conftest.c >&5
conftest.c:72:19: error: vfork.h: No such file or directory
configure:5230: $? = 1
configure: failed program was:
| /* confdefs.h */
| #define PACKAGE_NAME "sphinx"
| #define PACKAGE_TARNAME "sphinx"
| #define PACKAGE_VERSION "2.0.5"
| #define PACKAGE_STRING "sphinx 2.0.5"
| #define PACKAGE_BUGREPORT "shodan(at)sphinxsearch.com"
| #define PACKAGE_URL ""
| #define PACKAGE "sphinx"
| #define VERSION "2.0.5"
| #define COMPILER "gcc 4.4.3"
| #define OS_UNAME "Linux yuva12-desktop 2.6.32-38-generic #83-Ubuntu SMP Wed Jan 4 11:13:04 UTC 2012 i686 GNU/Linux"
| #define STDC_HEADERS 1
| #define HAVE_SYS_WAIT_H 1
| #define HAVE_SYS_TYPES_H 1
| #define HAVE_SYS_STAT_H 1
| #define HAVE_STDLIB_H 1
| #define HAVE_STRING_H 1
| #define HAVE_MEMORY_H 1
| #define HAVE_STRINGS_H 1
| #define HAVE_INTTYPES_H 1
| #define HAVE_STDINT_H 1
| #define HAVE_UNISTD_H 1
| #define HAVE_FCNTL_H 1
| #define HAVE_LIMITS_H 1
| #define HAVE_NETDB_H 1
| #define HAVE_NETINET_IN_H 1
| #define HAVE_STDLIB_H 1
| #define HAVE_STRING_H 1
| #define HAVE_SYS_FILE_H 1
| #define HAVE_SYS_SOCKET_H 1
| #define HAVE_SYS_TIME_H 1
| #define HAVE_UNISTD_H 1
| #define HAVE_PTHREAD_H 1
| #define HAVE_EXECINFO_H 1
| #define HAVE__BOOL 1
| #define HAVE_STDBOOL_H 1
| #define TIME_WITH_SYS_TIME 1
| /* end confdefs.h.  */
| #include <stdio.h>
| #ifdef HAVE_SYS_TYPES_H
| # include <sys/types.h>
| #endif
| #ifdef HAVE_SYS_STAT_H
| # include <sys/stat.h>
| #endif
| #ifdef STDC_HEADERS
| # include <stdlib.h>
| # include <stddef.h>
| #else
| # ifdef HAVE_STDLIB_H
| #  include <stdlib.h>
| # endif
| #endif
| #ifdef HAVE_STRING_H
| # if !defined STDC_HEADERS && defined HAVE_MEMORY_H
| #  include <memory.h>
| # endif
| # include <string.h>
| #endif
| #ifdef HAVE_STRINGS_H
| # include <strings.h>
| #endif
| #ifdef HAVE_INTTYPES_H
| # include <inttypes.h>
| #endif
| #ifdef HAVE_STDINT_H
| # include <stdint.h>
| #endif
| #ifdef HAVE_UNISTD_H
| # include <unistd.h>
| #endif
| #include <vfork.h>
configure:5230: result: no
configure:5230: checking vfork.h presence
configure:5230: gcc -E  -I/usr/local/include conftest.c
conftest.c:39:19: error: vfork.h: No such file or directory
configure:5230: $? = 1
configure: failed program was:
| /* confdefs.h */
| #define PACKAGE_NAME "sphinx"
| #define PACKAGE_TARNAME "sphinx"
| #define PACKAGE_VERSION "2.0.5"
| #define PACKAGE_STRING "sphinx 2.0.5"
| #define PACKAGE_BUGREPORT "shodan(at)sphinxsearch.com"
| #define PACKAGE_URL ""
| #define PACKAGE "sphinx"
| #define VERSION "2.0.5"
| #define COMPILER "gcc 4.4.3"
| #define OS_UNAME "Linux yuva12-desktop 2.6.32-38-generic #83-Ubuntu SMP Wed Jan 4 11:13:04 UTC 2012 i686 GNU/Linux"
| #define STDC_HEADERS 1
| #define HAVE_SYS_WAIT_H 1
| #define HAVE_SYS_TYPES_H 1
| #define HAVE_SYS_STAT_H 1
| #define HAVE_STDLIB_H 1
| #define HAVE_STRING_H 1
| #define HAVE_MEMORY_H 1
| #define HAVE_STRINGS_H 1
| #define HAVE_INTTYPES_H 1
| #define HAVE_STDINT_H 1
| #define HAVE_UNISTD_H 1
| #define HAVE_FCNTL_H 1
| #define HAVE_LIMITS_H 1
| #define HAVE_NETDB_H 1
| #define HAVE_NETINET_IN_H 1
| #define HAVE_STDLIB_H 1
| #define HAVE_STRING_H 1
| #define HAVE_SYS_FILE_H 1
| #define HAVE_SYS_SOCKET_H 1
| #define HAVE_SYS_TIME_H 1
| #define HAVE_UNISTD_H 1
| #define HAVE_PTHREAD_H 1
| #define HAVE_EXECINFO_H 1
| #define HAVE__BOOL 1
| #define HAVE_STDBOOL_H 1
| #define TIME_WITH_SYS_TIME 1
| /* end confdefs.h.  */
| #include <vfork.h>
configure:5230: result: no
configure:5230: checking for vfork.h
configure:5230: result: no
configure:5243: checking for fork
configure:5243: gcc -o conftest -Wall -g -D_FILE_OFFSET_BITS=64 -O3 -DNDEBUG  -I/usr/local/include  conftest.c  -L/usr/local/lib >&5
conftest.c:62: warning: conflicting types for built-in function 'fork'
configure:5243: $? = 0
configure:5243: result: yes
configure:5243: checking for vfork
configure:5243: gcc -o conftest -Wall -g -D_FILE_OFFSET_BITS=64 -O3 -DNDEBUG  -I/usr/local/include  conftest.c  -L/usr/local/lib >&5
configure:5243: $? = 0
configure:5243: result: yes
configure:5254: checking for working fork
configure:5276: gcc -o conftest -Wall -g -D_FILE_OFFSET_BITS=64 -O3 -DNDEBUG  -I/usr/local/include  conftest.c  -L/usr/local/lib >&5
configure:5276: $? = 0
configure:5276: ./conftest
configure:5276: $? = 0
configure:5286: result: yes
configure:5307: checking for working vfork
configure:5417: result: yes
configure:5444: checking for stdlib.h
configure:5444: result: yes
configure:5454: checking for GNU libc compatible malloc
configure:5478: gcc -o conftest -Wall -g -D_FILE_OFFSET_BITS=64 -O3 -DNDEBUG  -I/usr/local/include  conftest.c  -L/usr/local/lib >&5
configure:5478: $? = 0
configure:5478: ./conftest
configure:5478: $? = 0
configure:5488: result: yes
configure:5511: checking for stdlib.h
configure:5511: result: yes
configure:5521: checking for GNU libc compatible realloc
configure:5545: gcc -o conftest -Wall -g -D_FILE_OFFSET_BITS=64 -O3 -DNDEBUG  -I/usr/local/include  conftest.c  -L/usr/local/lib >&5
configure:5545: $? = 0
configure:5545: ./conftest
configure:5545: $? = 0
configure:5555: result: yes
configure:5579: checking sys/select.h usability
configure:5579: gcc -c -Wall -g -D_FILE_OFFSET_BITS=64 -O3 -DNDEBUG  -I/usr/local/include conftest.c >&5
configure:5579: $? = 0
configure:5579: result: yes
configure:5579: checking sys/select.h presence
configure:5579: gcc -E  -I/usr/local/include conftest.c
configure:5579: $? = 0
configure:5579: result: yes
configure:5579: checking for sys/select.h
configure:5579: result: yes
configure:5579: checking for sys/socket.h
configure:5579: result: yes
configure:5590: checking types of arguments for select
configure:5618: gcc -c -Wall -g -D_FILE_OFFSET_BITS=64 -O3 -DNDEBUG  -I/usr/local/include conftest.c >&5
configure:5618: $? = 0
configure:5629: result: int,fd_set *,struct timeval *
configure:5652: checking return type of signal handlers
configure:5670: gcc -c -Wall -g -D_FILE_OFFSET_BITS=64 -O3 -DNDEBUG  -I/usr/local/include conftest.c >&5
conftest.c: In function 'main':
conftest.c:58: error: void value not ignored as it ought to be
configure:5670: $? = 1
configure: failed program was:
| /* confdefs.h */
| #define PACKAGE_NAME "sphinx"
| #define PACKAGE_TARNAME "sphinx"
| #define PACKAGE_VERSION "2.0.5"
| #define PACKAGE_STRING "sphinx 2.0.5"
| #define PACKAGE_BUGREPORT "shodan(at)sphinxsearch.com"
| #define PACKAGE_URL ""
| #define PACKAGE "sphinx"
| #define VERSION "2.0.5"
| #define COMPILER "gcc 4.4.3"
| #define OS_UNAME "Linux yuva12-desktop 2.6.32-38-generic #83-Ubuntu SMP Wed Jan 4 11:13:04 UTC 2012 i686 GNU/Linux"
| #define STDC_HEADERS 1
| #define HAVE_SYS_WAIT_H 1
| #define HAVE_SYS_TYPES_H 1
| #define HAVE_SYS_STAT_H 1
| #define HAVE_STDLIB_H 1
| #define HAVE_STRING_H 1
| #define HAVE_MEMORY_H 1
| #define HAVE_STRINGS_H 1
| #define HAVE_INTTYPES_H 1
| #define HAVE_STDINT_H 1
| #define HAVE_UNISTD_H 1
| #define HAVE_FCNTL_H 1
| #define HAVE_LIMITS_H 1
| #define HAVE_NETDB_H 1
| #define HAVE_NETINET_IN_H 1
| #define HAVE_STDLIB_H 1
| #define HAVE_STRING_H 1
| #define HAVE_SYS_FILE_H 1
| #define HAVE_SYS_SOCKET_H 1
| #define HAVE_SYS_TIME_H 1
| #define HAVE_UNISTD_H 1
| #define HAVE_PTHREAD_H 1
| #define HAVE_EXECINFO_H 1
| #define HAVE__BOOL 1
| #define HAVE_STDBOOL_H 1
| #define TIME_WITH_SYS_TIME 1
| #define HAVE_FORK 1
| #define HAVE_VFORK 1
| #define HAVE_WORKING_VFORK 1
| #define HAVE_WORKING_FORK 1
| #define HAVE_STDLIB_H 1
| #define HAVE_MALLOC 1
| #define HAVE_STDLIB_H 1
| #define HAVE_REALLOC 1
| #define HAVE_SYS_SELECT_H 1
| #define HAVE_SYS_SOCKET_H 1
| #define SELECT_TYPE_ARG1 int
| #define SELECT_TYPE_ARG234 (fd_set *)
| #define SELECT_TYPE_ARG5 (struct timeval *)
| /* end confdefs.h.  */
| #include <sys/types.h>
| #include <signal.h>
| 
| int
| main ()
| {
| return *(signal (0, 0)) (0) == 1;
|   ;
|   return 0;
| }
configure:5677: result: void
configure:5685: checking whether lstat correctly handles trailing slash
configure:5711: gcc -o conftest -Wall -g -D_FILE_OFFSET_BITS=64 -O3 -DNDEBUG  -I/usr/local/include  conftest.c  -L/usr/local/lib >&5
configure:5711: $? = 0
configure:5711: ./conftest
configure:5711: $? = 0
configure:5728: result: yes
configure:5747: checking whether stat accepts an empty string
configure:5767: gcc -o conftest -Wall -g -D_FILE_OFFSET_BITS=64 -O3 -DNDEBUG  -I/usr/local/include  conftest.c  -L/usr/local/lib >&5
configure:5767: $? = 0
configure:5767: ./conftest
configure:5767: $? = 0
configure:5777: result: no
configure:5795: checking for vprintf
configure:5795: gcc -o conftest -Wall -g -D_FILE_OFFSET_BITS=64 -O3 -DNDEBUG  -I/usr/local/include  conftest.c  -L/usr/local/lib >&5
conftest.c:77: warning: conflicting types for built-in function 'vprintf'
configure:5795: $? = 0
configure:5795: result: yes
configure:5801: checking for _doprnt
configure:5801: gcc -o conftest -Wall -g -D_FILE_OFFSET_BITS=64 -O3 -DNDEBUG  -I/usr/local/include  conftest.c  -L/usr/local/lib >&5
/tmp/ccSjzvei.o: In function `main':
/home/yuva12/rails_projects/hircle_app/sphinx-2.0.5-release/conftest.c:89: undefined reference to `_doprnt'
collect2: ld returned 1 exit status
configure:5801: $? = 1
configure: failed program was:
| /* confdefs.h */
| #define PACKAGE_NAME "sphinx"
| #define PACKAGE_TARNAME "sphinx"
| #define PACKAGE_VERSION "2.0.5"
| #define PACKAGE_STRING "sphinx 2.0.5"
| #define PACKAGE_BUGREPORT "shodan(at)sphinxsearch.com"
| #define PACKAGE_URL ""
| #define PACKAGE "sphinx"
| #define VERSION "2.0.5"
| #define COMPILER "gcc 4.4.3"
| #define OS_UNAME "Linux yuva12-desktop 2.6.32-38-generic #83-Ubuntu SMP Wed Jan 4 11:13:04 UTC 2012 i686 GNU/Linux"
| #define STDC_HEADERS 1
| #define HAVE_SYS_WAIT_H 1
| #define HAVE_SYS_TYPES_H 1
| #define HAVE_SYS_STAT_H 1
| #define HAVE_STDLIB_H 1
| #define HAVE_STRING_H 1
| #define HAVE_MEMORY_H 1
| #define HAVE_STRINGS_H 1
| #define HAVE_INTTYPES_H 1
| #define HAVE_STDINT_H 1
| #define HAVE_UNISTD_H 1
| #define HAVE_FCNTL_H 1
| #define HAVE_LIMITS_H 1
| #define HAVE_NETDB_H 1
| #define HAVE_NETINET_IN_H 1
| #define HAVE_STDLIB_H 1
| #define HAVE_STRING_H 1
| #define HAVE_SYS_FILE_H 1
| #define HAVE_SYS_SOCKET_H 1
| #define HAVE_SYS_TIME_H 1
| #define HAVE_UNISTD_H 1
| #define HAVE_PTHREAD_H 1
| #define HAVE_EXECINFO_H 1
| #define HAVE__BOOL 1
| #define HAVE_STDBOOL_H 1
| #define TIME_WITH_SYS_TIME 1
| #define HAVE_FORK 1
| #define HAVE_VFORK 1
| #define HAVE_WORKING_VFORK 1
| #define HAVE_WORKING_FORK 1
| #define HAVE_STDLIB_H 1
| #define HAVE_MALLOC 1
| #define HAVE_STDLIB_H 1
| #define HAVE_REALLOC 1
| #define HAVE_SYS_SELECT_H 1
| #define HAVE_SYS_SOCKET_H 1
| #define SELECT_TYPE_ARG1 int
| #define SELECT_TYPE_ARG234 (fd_set *)
| #define SELECT_TYPE_ARG5 (struct timeval *)
| #define RETSIGTYPE void
| #define LSTAT_FOLLOWS_SLASHED_SYMLINK 1
| #define HAVE_VPRINTF 1
| /* end confdefs.h.  */
| /* Define _doprnt to an innocuous variant, in case <limits.h> declares _doprnt.
|    For example, HP-UX 11i <limits.h> declares gettimeofday.  */
| #define _doprnt innocuous__doprnt
| 
| /* System header to define __stub macros and hopefully few prototypes,
|     which can conflict with char _doprnt (); below.
|     Prefer <limits.h> to <assert.h> if __STDC__ is defined, since
|     <limits.h> exists even on freestanding compilers.  */
| 
| #ifdef __STDC__
| # include <limits.h>
| #else
| # include <assert.h>
| #endif
| 
| #undef _doprnt
| 
| /* Override any GCC internal prototype to avoid an error.
|    Use char because int might match the return type of a GCC
|    builtin and then its argument prototype would still apply.  */
| #ifdef __cplusplus
| extern "C"
| #endif
| char _doprnt ();
| /* The GNU C library defines this for functions which it implements
|     to always fail with ENOSYS.  Some functions are actually named
|     something starting with __ and the normal name is an alias.  */
| #if defined __stub__doprnt || defined __stub____doprnt
| choke me
| #endif
| 
| int
| main ()
| {
| return _doprnt ();
|   ;
|   return 0;
| }
configure:5801: result: no
configure:5812: checking for library containing setsockopt
configure:5843: gcc -o conftest -Wall -g -D_FILE_OFFSET_BITS=64 -O3 -DNDEBUG  -I/usr/local/include  conftest.c  -L/usr/local/lib >&5
configure:5843: $? = 0
configure:5860: result: none required
configure:5868: checking for library containing gethostbyname
configure:5899: gcc -o conftest -Wall -g -D_FILE_OFFSET_BITS=64 -O3 -DNDEBUG  -I/usr/local/include  conftest.c  -L/usr/local/lib >&5
configure:5899: $? = 0
configure:5916: result: none required
configure:5924: checking for library containing XML_Parse
configure:5955: gcc -o conftest -Wall -g -D_FILE_OFFSET_BITS=64 -O3 -DNDEBUG  -I/usr/local/include  conftest.c  -L/usr/local/lib >&5
/tmp/ccmeYdSs.o: In function `main':
/home/yuva12/rails_projects/hircle_app/sphinx-2.0.5-release/conftest.c:66: undefined reference to `XML_Parse'
collect2: ld returned 1 exit status
configure:5955: $? = 1
configure: failed program was:
| /* confdefs.h */
| #define PACKAGE_NAME "sphinx"
| #define PACKAGE_TARNAME "sphinx"
| #define PACKAGE_VERSION "2.0.5"
| #define PACKAGE_STRING "sphinx 2.0.5"
| #define PACKAGE_BUGREPORT "shodan(at)sphinxsearch.com"
| #define PACKAGE_URL ""
| #define PACKAGE "sphinx"
| #define VERSION "2.0.5"
| #define COMPILER "gcc 4.4.3"
| #define OS_UNAME "Linux yuva12-desktop 2.6.32-38-generic #83-Ubuntu SMP Wed Jan 4 11:13:04 UTC 2012 i686 GNU/Linux"
| #define STDC_HEADERS 1
| #define HAVE_SYS_WAIT_H 1
| #define HAVE_SYS_TYPES_H 1
| #define HAVE_SYS_STAT_H 1
| #define HAVE_STDLIB_H 1
| #define HAVE_STRING_H 1
| #define HAVE_MEMORY_H 1
| #define HAVE_STRINGS_H 1
| #define HAVE_INTTYPES_H 1
| #define HAVE_STDINT_H 1
| #define HAVE_UNISTD_H 1
| #define HAVE_FCNTL_H 1
| #define HAVE_LIMITS_H 1
| #define HAVE_NETDB_H 1
| #define HAVE_NETINET_IN_H 1
| #define HAVE_STDLIB_H 1
| #define HAVE_STRING_H 1
| #define HAVE_SYS_FILE_H 1
| #define HAVE_SYS_SOCKET_H 1
| #define HAVE_SYS_TIME_H 1
| #define HAVE_UNISTD_H 1
| #define HAVE_PTHREAD_H 1
| #define HAVE_EXECINFO_H 1
| #define HAVE__BOOL 1
| #define HAVE_STDBOOL_H 1
| #define TIME_WITH_SYS_TIME 1
| #define HAVE_FORK 1
| #define HAVE_VFORK 1
| #define HAVE_WORKING_VFORK 1
| #define HAVE_WORKING_FORK 1
| #define HAVE_STDLIB_H 1
| #define HAVE_MALLOC 1
| #define HAVE_STDLIB_H 1
| #define HAVE_REALLOC 1
| #define HAVE_SYS_SELECT_H 1
| #define HAVE_SYS_SOCKET_H 1
| #define SELECT_TYPE_ARG1 int
| #define SELECT_TYPE_ARG234 (fd_set *)
| #define SELECT_TYPE_ARG5 (struct timeval *)
| #define RETSIGTYPE void
| #define LSTAT_FOLLOWS_SLASHED_SYMLINK 1
| #define HAVE_VPRINTF 1
| /* end confdefs.h.  */
| 
| /* Override any GCC internal prototype to avoid an error.
|    Use char because int might match the return type of a GCC
|    builtin and then its argument prototype would still apply.  */
| #ifdef __cplusplus
| extern "C"
| #endif
| char XML_Parse ();
| int
| main ()
| {
| return XML_Parse ();
|   ;
|   return 0;
| }
configure:5955: gcc -o conftest -Wall -g -D_FILE_OFFSET_BITS=64 -O3 -DNDEBUG  -I/usr/local/include  conftest.c -lexpat   -L/usr/local/lib >&5
/usr/bin/ld: cannot find -lexpat
collect2: ld returned 1 exit status
configure:5955: $? = 1
configure: failed program was:
| /* confdefs.h */
| #define PACKAGE_NAME "sphinx"
| #define PACKAGE_TARNAME "sphinx"
| #define PACKAGE_VERSION "2.0.5"
| #define PACKAGE_STRING "sphinx 2.0.5"
| #define PACKAGE_BUGREPORT "shodan(at)sphinxsearch.com"
| #define PACKAGE_URL ""
| #define PACKAGE "sphinx"
| #define VERSION "2.0.5"
| #define COMPILER "gcc 4.4.3"
| #define OS_UNAME "Linux yuva12-desktop 2.6.32-38-generic #83-Ubuntu SMP Wed Jan 4 11:13:04 UTC 2012 i686 GNU/Linux"
| #define STDC_HEADERS 1
| #define HAVE_SYS_WAIT_H 1
| #define HAVE_SYS_TYPES_H 1
| #define HAVE_SYS_STAT_H 1
| #define HAVE_STDLIB_H 1
| #define HAVE_STRING_H 1
| #define HAVE_MEMORY_H 1
| #define HAVE_STRINGS_H 1
| #define HAVE_INTTYPES_H 1
| #define HAVE_STDINT_H 1
| #define HAVE_UNISTD_H 1
| #define HAVE_FCNTL_H 1
| #define HAVE_LIMITS_H 1
| #define HAVE_NETDB_H 1
| #define HAVE_NETINET_IN_H 1
| #define HAVE_STDLIB_H 1
| #define HAVE_STRING_H 1
| #define HAVE_SYS_FILE_H 1
| #define HAVE_SYS_SOCKET_H 1
| #define HAVE_SYS_TIME_H 1
| #define HAVE_UNISTD_H 1
| #define HAVE_PTHREAD_H 1
| #define HAVE_EXECINFO_H 1
| #define HAVE__BOOL 1
| #define HAVE_STDBOOL_H 1
| #define TIME_WITH_SYS_TIME 1
| #define HAVE_FORK 1
| #define HAVE_VFORK 1
| #define HAVE_WORKING_VFORK 1
| #define HAVE_WORKING_FORK 1
| #define HAVE_STDLIB_H 1
| #define HAVE_MALLOC 1
| #define HAVE_STDLIB_H 1
| #define HAVE_REALLOC 1
| #define HAVE_SYS_SELECT_H 1
| #define HAVE_SYS_SOCKET_H 1
| #define SELECT_TYPE_ARG1 int
| #define SELECT_TYPE_ARG234 (fd_set *)
| #define SELECT_TYPE_ARG5 (struct timeval *)
| #define RETSIGTYPE void
| #define LSTAT_FOLLOWS_SLASHED_SYMLINK 1
| #define HAVE_VPRINTF 1
| /* end confdefs.h.  */
| 
| /* Override any GCC internal prototype to avoid an error.
|    Use char because int might match the return type of a GCC
|    builtin and then its argument prototype would still apply.  */
| #ifdef __cplusplus
| extern "C"
| #endif
| char XML_Parse ();
| int
| main ()
| {
| return XML_Parse ();
|   ;
|   return 0;
| }
configure:5972: result: no
configure:5982: checking for library containing iconv
configure:6013: gcc -o conftest -Wall -g -D_FILE_OFFSET_BITS=64 -O3 -DNDEBUG  -I/usr/local/include  conftest.c  -L/usr/local/lib >&5
configure:6013: $? = 0
configure:6030: result: none required
configure:6040: checking for library containing inflate
configure:6071: gcc -o conftest -Wall -g -D_FILE_OFFSET_BITS=64 -O3 -DNDEBUG  -I/usr/local/include  conftest.c  -L/usr/local/lib >&5
/tmp/ccP1Ykcv.o: In function `main':
/home/yuva12/rails_projects/hircle_app/sphinx-2.0.5-release/conftest.c:66: undefined reference to `inflate'
collect2: ld returned 1 exit status
configure:6071: $? = 1
configure: failed program was:
| /* confdefs.h */
| #define PACKAGE_NAME "sphinx"
| #define PACKAGE_TARNAME "sphinx"
| #define PACKAGE_VERSION "2.0.5"
| #define PACKAGE_STRING "sphinx 2.0.5"
| #define PACKAGE_BUGREPORT "shodan(at)sphinxsearch.com"
| #define PACKAGE_URL ""
| #define PACKAGE "sphinx"
| #define VERSION "2.0.5"
| #define COMPILER "gcc 4.4.3"
| #define OS_UNAME "Linux yuva12-desktop 2.6.32-38-generic #83-Ubuntu SMP Wed Jan 4 11:13:04 UTC 2012 i686 GNU/Linux"
| #define STDC_HEADERS 1
| #define HAVE_SYS_WAIT_H 1
| #define HAVE_SYS_TYPES_H 1
| #define HAVE_SYS_STAT_H 1
| #define HAVE_STDLIB_H 1
| #define HAVE_STRING_H 1
| #define HAVE_MEMORY_H 1
| #define HAVE_STRINGS_H 1
| #define HAVE_INTTYPES_H 1
| #define HAVE_STDINT_H 1
| #define HAVE_UNISTD_H 1
| #define HAVE_FCNTL_H 1
| #define HAVE_LIMITS_H 1
| #define HAVE_NETDB_H 1
| #define HAVE_NETINET_IN_H 1
| #define HAVE_STDLIB_H 1
| #define HAVE_STRING_H 1
| #define HAVE_SYS_FILE_H 1
| #define HAVE_SYS_SOCKET_H 1
| #define HAVE_SYS_TIME_H 1
| #define HAVE_UNISTD_H 1
| #define HAVE_PTHREAD_H 1
| #define HAVE_EXECINFO_H 1
| #define HAVE__BOOL 1
| #define HAVE_STDBOOL_H 1
| #define TIME_WITH_SYS_TIME 1
| #define HAVE_FORK 1
| #define HAVE_VFORK 1
| #define HAVE_WORKING_VFORK 1
| #define HAVE_WORKING_FORK 1
| #define HAVE_STDLIB_H 1
| #define HAVE_MALLOC 1
| #define HAVE_STDLIB_H 1
| #define HAVE_REALLOC 1
| #define HAVE_SYS_SELECT_H 1
| #define HAVE_SYS_SOCKET_H 1
| #define SELECT_TYPE_ARG1 int
| #define SELECT_TYPE_ARG234 (fd_set *)
| #define SELECT_TYPE_ARG5 (struct timeval *)
| #define RETSIGTYPE void
| #define LSTAT_FOLLOWS_SLASHED_SYMLINK 1
| #define HAVE_VPRINTF 1
| /* end confdefs.h.  */
| 
| /* Override any GCC internal prototype to avoid an error.
|    Use char because int might match the return type of a GCC
|    builtin and then its argument prototype would still apply.  */
| #ifdef __cplusplus
| extern "C"
| #endif
| char inflate ();
| int
| main ()
| {
| return inflate ();
|   ;
|   return 0;
| }
configure:6071: gcc -o conftest -Wall -g -D_FILE_OFFSET_BITS=64 -O3 -DNDEBUG  -I/usr/local/include  conftest.c -lz   -L/usr/local/lib >&5
configure:6071: $? = 0
configure:6088: result: -lz
configure:6098: checking for library containing logf
configure:6129: gcc -o conftest -Wall -g -D_FILE_OFFSET_BITS=64 -O3 -DNDEBUG  -I/usr/local/include  conftest.c -lz  -L/usr/local/lib >&5
conftest.c:62: warning: conflicting types for built-in function 'logf'
/tmp/cctCpBYz.o: In function `main':
/home/yuva12/rails_projects/hircle_app/sphinx-2.0.5-release/conftest.c:66: undefined reference to `logf'
collect2: ld returned 1 exit status
configure:6129: $? = 1
configure: failed program was:
| /* confdefs.h */
| #define PACKAGE_NAME "sphinx"
| #define PACKAGE_TARNAME "sphinx"
| #define PACKAGE_VERSION "2.0.5"
| #define PACKAGE_STRING "sphinx 2.0.5"
| #define PACKAGE_BUGREPORT "shodan(at)sphinxsearch.com"
| #define PACKAGE_URL ""
| #define PACKAGE "sphinx"
| #define VERSION "2.0.5"
| #define COMPILER "gcc 4.4.3"
| #define OS_UNAME "Linux yuva12-desktop 2.6.32-38-generic #83-Ubuntu SMP Wed Jan 4 11:13:04 UTC 2012 i686 GNU/Linux"
| #define STDC_HEADERS 1
| #define HAVE_SYS_WAIT_H 1
| #define HAVE_SYS_TYPES_H 1
| #define HAVE_SYS_STAT_H 1
| #define HAVE_STDLIB_H 1
| #define HAVE_STRING_H 1
| #define HAVE_MEMORY_H 1
| #define HAVE_STRINGS_H 1
| #define HAVE_INTTYPES_H 1
| #define HAVE_STDINT_H 1
| #define HAVE_UNISTD_H 1
| #define HAVE_FCNTL_H 1
| #define HAVE_LIMITS_H 1
| #define HAVE_NETDB_H 1
| #define HAVE_NETINET_IN_H 1
| #define HAVE_STDLIB_H 1
| #define HAVE_STRING_H 1
| #define HAVE_SYS_FILE_H 1
| #define HAVE_SYS_SOCKET_H 1
| #define HAVE_SYS_TIME_H 1
| #define HAVE_UNISTD_H 1
| #define HAVE_PTHREAD_H 1
| #define HAVE_EXECINFO_H 1
| #define HAVE__BOOL 1
| #define HAVE_STDBOOL_H 1
| #define TIME_WITH_SYS_TIME 1
| #define HAVE_FORK 1
| #define HAVE_VFORK 1
| #define HAVE_WORKING_VFORK 1
| #define HAVE_WORKING_FORK 1
| #define HAVE_STDLIB_H 1
| #define HAVE_MALLOC 1
| #define HAVE_STDLIB_H 1
| #define HAVE_REALLOC 1
| #define HAVE_SYS_SELECT_H 1
| #define HAVE_SYS_SOCKET_H 1
| #define SELECT_TYPE_ARG1 int
| #define SELECT_TYPE_ARG234 (fd_set *)
| #define SELECT_TYPE_ARG5 (struct timeval *)
| #define RETSIGTYPE void
| #define LSTAT_FOLLOWS_SLASHED_SYMLINK 1
| #define HAVE_VPRINTF 1
| /* end confdefs.h.  */
| 
| /* Override any GCC internal prototype to avoid an error.
|    Use char because int might match the return type of a GCC
|    builtin and then its argument prototype would still apply.  */
| #ifdef __cplusplus
| extern "C"
| #endif
| char logf ();
| int
| main ()
| {
| return logf ();
|   ;
|   return 0;
| }
configure:6129: gcc -o conftest -Wall -g -D_FILE_OFFSET_BITS=64 -O3 -DNDEBUG  -I/usr/local/include  conftest.c -lm  -lz  -L/usr/local/lib >&5
conftest.c:62: warning: conflicting types for built-in function 'logf'
configure:6129: $? = 0
configure:6146: result: -lm
configure:6157: checking for dup2
configure:6157: gcc -o conftest -Wall -g -D_FILE_OFFSET_BITS=64 -O3 -DNDEBUG  -I/usr/local/include  conftest.c -lm -lz  -L/usr/local/lib >&5
configure:6157: $? = 0
configure:6157: result: yes
configure:6157: checking for gethostbyname
configure:6157: gcc -o conftest -Wall -g -D_FILE_OFFSET_BITS=64 -O3 -DNDEBUG  -I/usr/local/include  conftest.c -lm -lz  -L/usr/local/lib >&5
configure:6157: $? = 0
configure:6157: result: yes
configure:6157: checking for gettimeofday
configure:6157: gcc -o conftest -Wall -g -D_FILE_OFFSET_BITS=64 -O3 -DNDEBUG  -I/usr/local/include  conftest.c -lm -lz  -L/usr/local/lib >&5
configure:6157: $? = 0
configure:6157: result: yes
configure:6157: checking for memmove
configure:6157: gcc -o conftest -Wall -g -D_FILE_OFFSET_BITS=64 -O3 -DNDEBUG  -I/usr/local/include  conftest.c -lm -lz  -L/usr/local/lib >&5
conftest.c:81: warning: conflicting types for built-in function 'memmove'
configure:6157: $? = 0
configure:6157: result: yes
configure:6157: checking for memset
configure:6157: gcc -o conftest -Wall -g -D_FILE_OFFSET_BITS=64 -O3 -DNDEBUG  -I/usr/local/include  conftest.c -lm -lz  -L/usr/local/lib >&5
conftest.c:82: warning: conflicting types for built-in function 'memset'
configure:6157: $? = 0
configure:6157: result: yes
configure:6157: checking for select
configure:6157: gcc -o conftest -Wall -g -D_FILE_OFFSET_BITS=64 -O3 -DNDEBUG  -I/usr/local/include  conftest.c -lm -lz  -L/usr/local/lib >&5
configure:6157: $? = 0
configure:6157: result: yes
configure:6157: checking for socket
configure:6157: gcc -o conftest -Wall -g -D_FILE_OFFSET_BITS=64 -O3 -DNDEBUG  -I/usr/local/include  conftest.c -lm -lz  -L/usr/local/lib >&5
configure:6157: $? = 0
configure:6157: result: yes
configure:6157: checking for strcasecmp
configure:6157: gcc -o conftest -Wall -g -D_FILE_OFFSET_BITS=64 -O3 -DNDEBUG  -I/usr/local/include  conftest.c -lm -lz  -L/usr/local/lib >&5
conftest.c:85: warning: conflicting types for built-in function 'strcasecmp'
configure:6157: $? = 0
configure:6157: result: yes
configure:6157: checking for strchr
configure:6157: gcc -o conftest -Wall -g -D_FILE_OFFSET_BITS=64 -O3 -DNDEBUG  -I/usr/local/include  conftest.c -lm -lz  -L/usr/local/lib >&5
conftest.c:86: warning: conflicting types for built-in function 'strchr'
configure:6157: $? = 0
configure:6157: result: yes
configure:6157: checking for strerror
configure:6157: gcc -o conftest -Wall -g -D_FILE_OFFSET_BITS=64 -O3 -DNDEBUG  -I/usr/local/include  conftest.c -lm -lz  -L/usr/local/lib >&5
configure:6157: $? = 0
configure:6157: result: yes
configure:6157: checking for strncasecmp
configure:6157: gcc -o conftest -Wall -g -D_FILE_OFFSET_BITS=64 -O3 -DNDEBUG  -I/usr/local/include  conftest.c -lm -lz  -L/usr/local/lib >&5
conftest.c:88: warning: conflicting types for built-in function 'strncasecmp'
configure:6157: $? = 0
configure:6157: result: yes
configure:6157: checking for strstr
configure:6157: gcc -o conftest -Wall -g -D_FILE_OFFSET_BITS=64 -O3 -DNDEBUG  -I/usr/local/include  conftest.c -lm -lz  -L/usr/local/lib >&5
conftest.c:89: warning: conflicting types for built-in function 'strstr'
configure:6157: $? = 0
configure:6157: result: yes
configure:6157: checking for strtol
configure:6157: gcc -o conftest -Wall -g -D_FILE_OFFSET_BITS=64 -O3 -DNDEBUG  -I/usr/local/include  conftest.c -lm -lz  -L/usr/local/lib >&5
configure:6157: $? = 0
configure:6157: result: yes
configure:6157: checking for logf
configure:6157: gcc -o conftest -Wall -g -D_FILE_OFFSET_BITS=64 -O3 -DNDEBUG  -I/usr/local/include  conftest.c -lm -lz  -L/usr/local/lib >&5
conftest.c:91: warning: conflicting types for built-in function 'logf'
configure:6157: $? = 0
configure:6157: result: yes
configure:6157: checking for pread
configure:6157: gcc -o conftest -Wall -g -D_FILE_OFFSET_BITS=64 -O3 -DNDEBUG  -I/usr/local/include  conftest.c -lm -lz  -L/usr/local/lib >&5
configure:6157: $? = 0
configure:6157: result: yes
configure:6170: checking for backtrace
configure:6170: gcc -o conftest -Wall -g -D_FILE_OFFSET_BITS=64 -O3 -DNDEBUG  -I/usr/local/include  conftest.c -lm -lz  -L/usr/local/lib >&5
configure:6170: $? = 0
configure:6170: result: yes
configure:6170: checking for backtrace_symbols
configure:6170: gcc -o conftest -Wall -g -D_FILE_OFFSET_BITS=64 -O3 -DNDEBUG  -I/usr/local/include  conftest.c -lm -lz  -L/usr/local/lib >&5
configure:6170: $? = 0
configure:6170: result: yes
configure:6185: checking for clock_gettime in -lrt
configure:6210: gcc -o conftest -Wall -g -D_FILE_OFFSET_BITS=64 -O3 -DNDEBUG  -I/usr/local/include  conftest.c -lrt   >&5
configure:6210: $? = 0
configure:6219: result: yes
configure:6238: checking for clock_gettime
configure:6238: gcc -o conftest -Wall -g -D_FILE_OFFSET_BITS=64 -O3 -DNDEBUG  -I/usr/local/include  conftest.c -lm -lz  -L/usr/local/lib -lrt  >&5
configure:6238: $? = 0
configure:6238: result: yes
configure:6249: checking for LOCK_EX in sys/file.h
configure:6274: result: yes
configure:6283: checking for F_SETLKW in fcntl.h
configure:6308: result: yes
configure:6320: checking for dlopen in -ldl
configure:6345: gcc -o conftest -Wall -g -D_FILE_OFFSET_BITS=64 -O3 -DNDEBUG  -I/usr/local/include  conftest.c -ldl  -lm -lz  -L/usr/local/lib -lrt  >&5
configure:6345: $? = 0
configure:6354: result: yes
configure:6368: checking for dlopen
configure:6368: gcc -o conftest -Wall -g -D_FILE_OFFSET_BITS=64 -O3 -DNDEBUG  -I/usr/local/include  conftest.c -ldl -lm -lz  -L/usr/local/lib -lrt  >&5
configure:6368: $? = 0
configure:6368: result: yes
configure:6368: checking for dlerror
configure:6368: gcc -o conftest -Wall -g -D_FILE_OFFSET_BITS=64 -O3 -DNDEBUG  -I/usr/local/include  conftest.c -ldl -lm -lz  -L/usr/local/lib -lrt  >&5
configure:6368: $? = 0
configure:6368: result: yes
configure:6381: result: 
configure:6383: result: configuring Sphinx
configure:6386: result: ------------------
configure:6388: result: 
configure:6422: checking for CFLAGS needed for pthreads
configure:6441: gcc -o conftest -Wall -g -D_FILE_OFFSET_BITS=64 -O3 -DNDEBUG  -I/usr/local/include  conftest.c -ldl -lm -lz  -L/usr/local/lib -lrt  >&5
conftest.c: In function 'main':
conftest.c:92: warning: unused variable 'once_init'
configure:6441: $? = 0
configure:6441: ./conftest
configure:6441: $? = 0
configure:6479: result: none
configure:6490: checking for LIBS needed for pthreads
configure:6508: gcc -o conftest -Wall -g -D_FILE_OFFSET_BITS=64 -O3 -DNDEBUG  -I/usr/local/include  conftest.c -ldl -lm -lz  -L/usr/local/lib -lrt  -lpthread >&5
conftest.c: In function 'main':
conftest.c:92: warning: unused variable 'once_init'
configure:6508: $? = 0
configure:6508: ./conftest
configure:6508: $? = 0
configure:6547: result: -lpthread
configure:6556: checking for pthreads
configure:6560: result: found
configure:6572: checking for pthread_mutex_timedlock
configure:6572: gcc -o conftest -Wall -g -D_FILE_OFFSET_BITS=64 -O3 -DNDEBUG  -I/usr/local/include  conftest.c -ldl -lm -lz  -L/usr/local/lib -lrt  -lpthread >&5
configure:6572: $? = 0
configure:6572: result: yes
configure:6593: checking whether to compile with MySQL support
configure:6596: result: yes
configure:6639: checking for mysql_config
configure:6650: result: mysql_config
configure:6741: checking for mysql_real_connect
configure:6741: gcc -o conftest -Wall -g -D_FILE_OFFSET_BITS=64 -O3 -DNDEBUG -I/usr/include/mysql  -DBIG_JOINS=1  -fno-strict-aliasing   -DUNIV_LINUX -DUNIV_LINUX  -I/usr/local/include  conftest.c -ldl -lm -lz  -L/usr/local/lib -lrt  -lpthread -Wl,-Bsymbolic-functions -rdynamic -L/usr/lib/mysql -lmysqlclient >&5
configure:6741: $? = 0
configure:6741: result: yes
configure:6778: checking MySQL include files
configure:6802: result: -I/usr/include/mysql  -DBIG_JOINS=1  -fno-strict-aliasing   -DUNIV_LINUX -DUNIV_LINUX
configure:6807: checking MySQL libraries
configure:6831: result: -Wl,-Bsymbolic-functions -rdynamic -L/usr/lib/mysql -lmysqlclient
configure:6865: checking whether to link statically with MySQL support
configure:7113: result: no
configure:7128: checking whether to compile with PostgreSQL support
configure:7266: result: no
configure:7287: checking whether to use 64-bit document/word IDs
configure:7305: result: no
configure:7320: checking whether to compile with libstemmer support
configure:7338: result: no
configure:7355: checking for libexpat
configure:7365: result: not found
configure:7367: WARNING: xmlpipe2 will NOT be available
configure:7381: checking for libiconv
configure:7456: result: not required
configure:7478: checking for UnixODBC
configure:7559: checking whether to enable c++ memory routines override
configure:7568: result: yes
configure:7589: checking for Syslog
configure:7603: result: disabled
configure:7608: checking for unaligned RAM access
configure:7655: g++ -o conftest -Wall -g -D_FILE_OFFSET_BITS=64 -O3 -DNDEBUG  -I/usr/local/include -I/usr/include/mysql  -DBIG_JOINS=1  -fno-strict-aliasing   -DUNIV_LINUX -DUNIV_LINUX   conftest.cpp -ldl -lm -lz  -L/usr/local/lib -lrt  -lpthread >&5
conftest.cpp: In function 'int main()':
conftest.cpp:91: warning: comparison between signed and unsigned integer expressions
configure:7655: $? = 0
configure:7655: ./conftest
configure:7655: $? = 0
configure:7666: result: yes
configure:7679: checking whether byte ordering is bigendian
configure:7694: g++ -c -Wall -g -D_FILE_OFFSET_BITS=64 -O3 -DNDEBUG  -I/usr/local/include -I/usr/include/mysql  -DBIG_JOINS=1  -fno-strict-aliasing   -DUNIV_LINUX -DUNIV_LINUX  conftest.cpp >&5
conftest.cpp:86: error: expected unqualified-id before '!' token
configure:7694: $? = 1
configure: failed program was:
| /* confdefs.h */
| #define PACKAGE_NAME "sphinx"
| #define PACKAGE_TARNAME "sphinx"
| #define PACKAGE_VERSION "2.0.5"
| #define PACKAGE_STRING "sphinx 2.0.5"
| #define PACKAGE_BUGREPORT "shodan(at)sphinxsearch.com"
| #define PACKAGE_URL ""
| #define PACKAGE "sphinx"
| #define VERSION "2.0.5"
| #define COMPILER "gcc 4.4.3"
| #define OS_UNAME "Linux yuva12-desktop 2.6.32-38-generic #83-Ubuntu SMP Wed Jan 4 11:13:04 UTC 2012 i686 GNU/Linux"
| #define STDC_HEADERS 1
| #define HAVE_SYS_WAIT_H 1
| #define HAVE_SYS_TYPES_H 1
| #define HAVE_SYS_STAT_H 1
| #define HAVE_STDLIB_H 1
| #define HAVE_STRING_H 1
| #define HAVE_MEMORY_H 1
| #define HAVE_STRINGS_H 1
| #define HAVE_INTTYPES_H 1
| #define HAVE_STDINT_H 1
| #define HAVE_UNISTD_H 1
| #define HAVE_FCNTL_H 1
| #define HAVE_LIMITS_H 1
| #define HAVE_NETDB_H 1
| #define HAVE_NETINET_IN_H 1
| #define HAVE_STDLIB_H 1
| #define HAVE_STRING_H 1
| #define HAVE_SYS_FILE_H 1
| #define HAVE_SYS_SOCKET_H 1
| #define HAVE_SYS_TIME_H 1
| #define HAVE_UNISTD_H 1
| #define HAVE_PTHREAD_H 1
| #define HAVE_EXECINFO_H 1
| #define HAVE__BOOL 1
| #define HAVE_STDBOOL_H 1
| #define TIME_WITH_SYS_TIME 1
| #define HAVE_FORK 1
| #define HAVE_VFORK 1
| #define HAVE_WORKING_VFORK 1
| #define HAVE_WORKING_FORK 1
| #define HAVE_STDLIB_H 1
| #define HAVE_MALLOC 1
| #define HAVE_STDLIB_H 1
| #define HAVE_REALLOC 1
| #define HAVE_SYS_SELECT_H 1
| #define HAVE_SYS_SOCKET_H 1
| #define SELECT_TYPE_ARG1 int
| #define SELECT_TYPE_ARG234 (fd_set *)
| #define SELECT_TYPE_ARG5 (struct timeval *)
| #define RETSIGTYPE void
| #define LSTAT_FOLLOWS_SLASHED_SYMLINK 1
| #define HAVE_VPRINTF 1
| #define HAVE_DUP2 1
| #define HAVE_GETHOSTBYNAME 1
| #define HAVE_GETTIMEOFDAY 1
| #define HAVE_MEMMOVE 1
| #define HAVE_MEMSET 1
| #define HAVE_SELECT 1
| #define HAVE_SOCKET 1
| #define HAVE_STRCASECMP 1
| #define HAVE_STRCHR 1
| #define HAVE_STRERROR 1
| #define HAVE_STRNCASECMP 1
| #define HAVE_STRSTR 1
| #define HAVE_STRTOL 1
| #define HAVE_LOGF 1
| #define HAVE_PREAD 1
| #define HAVE_BACKTRACE 1
| #define HAVE_BACKTRACE_SYMBOLS 1
| #define HAVE_LIBRT 1
| #define HAVE_CLOCK_GETTIME 1
| #define HAVE_LOCK_EX 1
| #define HAVE_F_SETLKW 1
| #define HAVE_LIBDL 1
| #define HAVE_DLOPEN 1
| #define HAVE_DLERROR 1
| #define HAVE_PTHREAD_MUTEX_TIMEDLOCK 1
| #define USE_MYSQL 1
| #define USE_64BIT 0
| #define USE_LIBSTEMMER 0
| #define USE_ZLIB 1
| #define UNALIGNED_RAM_ACCESS 1
| /* end confdefs.h.  */
| #ifndef __APPLE_CC__
| 	       not a universal capable compiler
| 	     #endif
| 	     typedef int dummy;
| 
configure:7739: g++ -c -Wall -g -D_FILE_OFFSET_BITS=64 -O3 -DNDEBUG  -I/usr/local/include -I/usr/include/mysql  -DBIG_JOINS=1  -fno-strict-aliasing   -DUNIV_LINUX -DUNIV_LINUX  conftest.cpp >&5
configure:7739: $? = 0
configure:7757: g++ -c -Wall -g -D_FILE_OFFSET_BITS=64 -O3 -DNDEBUG  -I/usr/local/include -I/usr/include/mysql  -DBIG_JOINS=1  -fno-strict-aliasing   -DUNIV_LINUX -DUNIV_LINUX  conftest.cpp >&5
conftest.cpp: In function 'int main()':
conftest.cpp:92: error: 'big' was not declared in this scope
conftest.cpp:92: error: expected ';' before 'endian'
configure:7757: $? = 1
configure: failed program was:
| /* confdefs.h */
| #define PACKAGE_NAME "sphinx"
| #define PACKAGE_TARNAME "sphinx"
| #define PACKAGE_VERSION "2.0.5"
| #define PACKAGE_STRING "sphinx 2.0.5"
| #define PACKAGE_BUGREPORT "shodan(at)sphinxsearch.com"
| #define PACKAGE_URL ""
| #define PACKAGE "sphinx"
| #define VERSION "2.0.5"
| #define COMPILER "gcc 4.4.3"
| #define OS_UNAME "Linux yuva12-desktop 2.6.32-38-generic #83-Ubuntu SMP Wed Jan 4 11:13:04 UTC 2012 i686 GNU/Linux"
| #define STDC_HEADERS 1
| #define HAVE_SYS_WAIT_H 1
| #define HAVE_SYS_TYPES_H 1
| #define HAVE_SYS_STAT_H 1
| #define HAVE_STDLIB_H 1
| #define HAVE_STRING_H 1
| #define HAVE_MEMORY_H 1
| #define HAVE_STRINGS_H 1
| #define HAVE_INTTYPES_H 1
| #define HAVE_STDINT_H 1
| #define HAVE_UNISTD_H 1
| #define HAVE_FCNTL_H 1
| #define HAVE_LIMITS_H 1
| #define HAVE_NETDB_H 1
| #define HAVE_NETINET_IN_H 1
| #define HAVE_STDLIB_H 1
| #define HAVE_STRING_H 1
| #define HAVE_SYS_FILE_H 1
| #define HAVE_SYS_SOCKET_H 1
| #define HAVE_SYS_TIME_H 1
| #define HAVE_UNISTD_H 1
| #define HAVE_PTHREAD_H 1
| #define HAVE_EXECINFO_H 1
| #define HAVE__BOOL 1
| #define HAVE_STDBOOL_H 1
| #define TIME_WITH_SYS_TIME 1
| #define HAVE_FORK 1
| #define HAVE_VFORK 1
| #define HAVE_WORKING_VFORK 1
| #define HAVE_WORKING_FORK 1
| #define HAVE_STDLIB_H 1
| #define HAVE_MALLOC 1
| #define HAVE_STDLIB_H 1
| #define HAVE_REALLOC 1
| #define HAVE_SYS_SELECT_H 1
| #define HAVE_SYS_SOCKET_H 1
| #define SELECT_TYPE_ARG1 int
| #define SELECT_TYPE_ARG234 (fd_set *)
| #define SELECT_TYPE_ARG5 (struct timeval *)
| #define RETSIGTYPE void
| #define LSTAT_FOLLOWS_SLASHED_SYMLINK 1
| #define HAVE_VPRINTF 1
| #define HAVE_DUP2 1
| #define HAVE_GETHOSTBYNAME 1
| #define HAVE_GETTIMEOFDAY 1
| #define HAVE_MEMMOVE 1
| #define HAVE_MEMSET 1
| #define HAVE_SELECT 1
| #define HAVE_SOCKET 1
| #define HAVE_STRCASECMP 1
| #define HAVE_STRCHR 1
| #define HAVE_STRERROR 1
| #define HAVE_STRNCASECMP 1
| #define HAVE_STRSTR 1
| #define HAVE_STRTOL 1
| #define HAVE_LOGF 1
| #define HAVE_PREAD 1
| #define HAVE_BACKTRACE 1
| #define HAVE_BACKTRACE_SYMBOLS 1
| #define HAVE_LIBRT 1
| #define HAVE_CLOCK_GETTIME 1
| #define HAVE_LOCK_EX 1
| #define HAVE_F_SETLKW 1
| #define HAVE_LIBDL 1
| #define HAVE_DLOPEN 1
| #define HAVE_DLERROR 1
| #define HAVE_PTHREAD_MUTEX_TIMEDLOCK 1
| #define USE_MYSQL 1
| #define USE_64BIT 0
| #define USE_LIBSTEMMER 0
| #define USE_ZLIB 1
| #define UNALIGNED_RAM_ACCESS 1
| /* end confdefs.h.  */
| #include <sys/types.h>
| 		#include <sys/param.h>
| 
| int
| main ()
| {
| #if BYTE_ORDER != BIG_ENDIAN
| 		 not big endian
| 		#endif
| 
|   ;
|   return 0;
| }
configure:7885: result: no
configure:7907: result: 
configure:7909: result: generating configuration files
configure:7912: result: ------------------------------
configure:7914: result: 
configure:8068: creating ./config.status

## ---------------------- ##
## Running config.status. ##
## ---------------------- ##

This file was extended by sphinx config.status 2.0.5, which was
generated by GNU Autoconf 2.65.  Invocation command line was

  CONFIG_FILES    = 
  CONFIG_HEADERS  = 
  CONFIG_LINKS    = 
  CONFIG_COMMANDS = 
  $ ./config.status 

on yuva12-desktop

config.status:943: creating Makefile
config.status:943: creating src/Makefile
config.status:943: creating libstemmer_c/Makefile
config.status:943: creating doc/Makefile
config.status:943: creating sphinx.conf.dist
config.status:943: creating sphinx-min.conf.dist
config.status:943: creating config/config.h
config.status:1163: executing depfiles commands
configure:9388: result: 
configure:9390: result: configuration done
configure:9393: result: ------------------
configure:9395: result: 

## ---------------- ##
## Cache variables. ##
## ---------------- ##

ac_cv_c_bigendian=no
ac_cv_c_compiler_gnu=yes
ac_cv_c_const=yes
ac_cv_c_inline=inline
ac_cv_cxx_compiler_gnu=yes
ac_cv_define_F_SETLKW=yes
ac_cv_define_LOCK_EX=yes
ac_cv_env_CCC_set=
ac_cv_env_CCC_value=
ac_cv_env_CC_set=
ac_cv_env_CC_value=
ac_cv_env_CFLAGS_set=
ac_cv_env_CFLAGS_value=
ac_cv_env_CPPFLAGS_set=
ac_cv_env_CPPFLAGS_value=
ac_cv_env_CPP_set=
ac_cv_env_CPP_value=
ac_cv_env_CXXFLAGS_set=
ac_cv_env_CXXFLAGS_value=
ac_cv_env_CXX_set=
ac_cv_env_CXX_value=
ac_cv_env_LDFLAGS_set=
ac_cv_env_LDFLAGS_value=
ac_cv_env_LIBS_set=
ac_cv_env_LIBS_value=
ac_cv_env_build_alias_set=
ac_cv_env_build_alias_value=
ac_cv_env_host_alias_set=
ac_cv_env_host_alias_value=
ac_cv_env_target_alias_set=
ac_cv_env_target_alias_value=
ac_cv_func__doprnt=no
ac_cv_func_backtrace=yes
ac_cv_func_backtrace_symbols=yes
ac_cv_func_clock_gettime=yes
ac_cv_func_dlerror=yes
ac_cv_func_dlopen=yes
ac_cv_func_dup2=yes
ac_cv_func_fork=yes
ac_cv_func_fork_works=yes
ac_cv_func_gethostbyname=yes
ac_cv_func_gettimeofday=yes
ac_cv_func_logf=yes
ac_cv_func_lstat_dereferences_slashed_symlink=yes
ac_cv_func_malloc_0_nonnull=yes
ac_cv_func_memmove=yes
ac_cv_func_memset=yes
ac_cv_func_mysql_real_connect=yes
ac_cv_func_pread=yes
ac_cv_func_pthread_mutex_timedlock=yes
ac_cv_func_realloc_0_nonnull=yes
ac_cv_func_select=yes
ac_cv_func_select_args='int,fd_set *,struct timeval *'
ac_cv_func_socket=yes
ac_cv_func_stat_empty_string_bug=no
ac_cv_func_strcasecmp=yes
ac_cv_func_strchr=yes
ac_cv_func_strerror=yes
ac_cv_func_strncasecmp=yes
ac_cv_func_strstr=yes
ac_cv_func_strtol=yes
ac_cv_func_vfork=yes
ac_cv_func_vfork_works=yes
ac_cv_func_vprintf=yes
ac_cv_header_execinfo_h=yes
ac_cv_header_expat_h=no
ac_cv_header_fcntl_h=yes
ac_cv_header_iconv_h=yes
ac_cv_header_inttypes_h=yes
ac_cv_header_limits_h=yes
ac_cv_header_memory_h=yes
ac_cv_header_netdb_h=yes
ac_cv_header_netinet_in_h=yes
ac_cv_header_pthread_h=yes
ac_cv_header_sql_h=no
ac_cv_header_stdbool_h=yes
ac_cv_header_stdc=yes
ac_cv_header_stdint_h=yes
ac_cv_header_stdlib_h=yes
ac_cv_header_string_h=yes
ac_cv_header_strings_h=yes
ac_cv_header_sys_file_h=yes
ac_cv_header_sys_select_h=yes
ac_cv_header_sys_socket_h=yes
ac_cv_header_sys_stat_h=yes
ac_cv_header_sys_time_h=yes
ac_cv_header_sys_types_h=yes
ac_cv_header_sys_wait_h=yes
ac_cv_header_syslog_h=yes
ac_cv_header_time=yes
ac_cv_header_unistd_h=yes
ac_cv_header_vfork_h=no
ac_cv_header_zlib_h=yes
ac_cv_lib_dl_dlopen=yes
ac_cv_lib_rt_clock_gettime=yes
ac_cv_objext=o
ac_cv_path_EGREP='/bin/grep -E'
ac_cv_path_GREP=/bin/grep
ac_cv_path_install='/usr/bin/install -c'
ac_cv_path_mkdir=/bin/mkdir
ac_cv_prog_AWK=gawk
ac_cv_prog_CPP='gcc -E'
ac_cv_prog_ac_ct_CC=gcc
ac_cv_prog_ac_ct_CXX=g++
ac_cv_prog_ac_ct_RANLIB=ranlib
ac_cv_prog_cc_c89=
ac_cv_prog_cc_g=yes
ac_cv_prog_cxx_g=yes
ac_cv_prog_make_make_set=yes
ac_cv_search_XML_Parse=no
ac_cv_search_gethostbyname='none required'
ac_cv_search_iconv='none required'
ac_cv_search_inflate=-lz
ac_cv_search_logf=-lm
ac_cv_search_setsockopt='none required'
ac_cv_type__Bool=yes
ac_cv_type_off_t=yes
ac_cv_type_pid_t=yes
ac_cv_type_signal=void
ac_cv_type_size_t=yes
ac_cv_use_debug=no
ac_cv_use_iconv=yes
ac_cv_use_libstemmer=no
ac_cv_use_mysql=yes
ac_cv_use_pgsql=no
ac_cv_use_static_mysql=no
ac_cv_use_syslog=no
ac_cv_use_unixodbc=yes
am_cv_CC_dependencies_compiler_type=gcc3
am_cv_CXX_dependencies_compiler_type=gcc3
sphinx_cv_pthreads_cflags=none
sphinx_cv_pthreads_libs=-lpthread
sphinx_cv_unaligned_ram_access=yes

## ----------------- ##
## Output variables. ##
## ----------------- ##

ACLOCAL='${SHELL} /home/yuva12/rails_projects/hircle_app/sphinx-2.0.5-release/config/missing --run aclocal-1.11'
AMDEPBACKSLASH='\'
AMDEP_FALSE='#'
AMDEP_TRUE=''
AMTAR='${SHELL} /home/yuva12/rails_projects/hircle_app/sphinx-2.0.5-release/config/missing --run tar'
AUTOCONF='${SHELL} /home/yuva12/rails_projects/hircle_app/sphinx-2.0.5-release/config/missing --run autoconf'
AUTOHEADER='${SHELL} /home/yuva12/rails_projects/hircle_app/sphinx-2.0.5-release/config/missing --run autoheader'
AUTOMAKE='${SHELL} /home/yuva12/rails_projects/hircle_app/sphinx-2.0.5-release/config/missing --run automake-1.11'
AWK='gawk'
CC='gcc'
CCDEPMODE='depmode=gcc3'
CFLAGS='-Wall -g -D_FILE_OFFSET_BITS=64 -O3 -DNDEBUG'
CONFDIR='/var'
CPP='gcc -E'
CPPFLAGS=' -I/usr/local/include -I/usr/include/mysql  -DBIG_JOINS=1  -fno-strict-aliasing   -DUNIV_LINUX -DUNIV_LINUX '
CXX='g++'
CXXDEPMODE='depmode=gcc3'
CXXFLAGS='-Wall -g -D_FILE_OFFSET_BITS=64 -O3 -DNDEBUG'
CYGPATH_W='echo'
DEFS='-DHAVE_CONFIG_H'
DEPDIR='.deps'
ECHO_C=''
ECHO_N='-n'
ECHO_T=''
EGREP='/bin/grep -E'
EXEEXT=''
GREP='/bin/grep'
INSTALL_DATA='${INSTALL} -m 644'
INSTALL_PROGRAM='${INSTALL}'
INSTALL_SCRIPT='${INSTALL}'
INSTALL_STRIP_PROGRAM='$(install_sh) -c -s'
LDFLAGS=''
LIBOBJS=''
LIBRT='-lrt '
LIBS='-ldl -lm -lz  -L/usr/local/lib -lrt  -lpthread'
LTLIBOBJS=''
MAINT='#'
MAINTAINER_MODE_FALSE=''
MAINTAINER_MODE_TRUE='#'
MAKEINFO='${SHELL} /home/yuva12/rails_projects/hircle_app/sphinx-2.0.5-release/config/missing --run makeinfo'
MKDIR_P='/bin/mkdir -p'
MYSQL_CFLAGS='-I/usr/include/mysql  -DBIG_JOINS=1  -fno-strict-aliasing   -DUNIV_LINUX -DUNIV_LINUX'
MYSQL_LIBS='-Wl,-Bsymbolic-functions -rdynamic -L/usr/lib/mysql -lmysqlclient'
OBJEXT='o'
PACKAGE='sphinx'
PACKAGE_BUGREPORT='shodan(at)sphinxsearch.com'
PACKAGE_NAME='sphinx'
PACKAGE_STRING='sphinx 2.0.5'
PACKAGE_TARNAME='sphinx'
PACKAGE_URL=''
PACKAGE_VERSION='2.0.5'
PATH_SEPARATOR=':'
PGSQL_CFLAGS=''
PGSQL_LIBS=''
RANLIB='ranlib'
SET_MAKE=''
SHELL='/bin/bash'
STRIP=''
USE_LIBSTEMMER_FALSE=''
USE_LIBSTEMMER_TRUE='#'
USE_MYSQL_FALSE='#'
USE_MYSQL_TRUE=''
USE_PGSQL_FALSE=''
USE_PGSQL_TRUE='#'
VERSION='2.0.5'
ac_ct_CC='gcc'
ac_ct_CXX='g++'
am__EXEEXT_FALSE=''
am__EXEEXT_TRUE='#'
am__fastdepCC_FALSE='#'
am__fastdepCC_TRUE=''
am__fastdepCXX_FALSE='#'
am__fastdepCXX_TRUE=''
am__include='include'
am__isrc=''
am__leading_dot='.'
am__quote=''
am__tar='${AMTAR} chof - "$$tardir"'
am__untar='${AMTAR} xf -'
bindir='${exec_prefix}/bin'
build_alias=''
datadir='${datarootdir}'
datarootdir='${prefix}/share'
docdir='${datarootdir}/doc/${PACKAGE_TARNAME}'
dvidir='${docdir}'
exec_prefix='${prefix}'
host_alias=''
htmldir='${docdir}'
includedir='${prefix}/include'
infodir='${datarootdir}/info'
install_sh='${SHELL} /home/yuva12/rails_projects/hircle_app/sphinx-2.0.5-release/config/install-sh'
libdir='${exec_prefix}/lib'
libexecdir='${exec_prefix}/libexec'
localedir='${datarootdir}/locale'
localstatedir='${prefix}/var'
mandir='${datarootdir}/man'
mkdir_p='/bin/mkdir -p'
oldincludedir='/usr/include'
pdfdir='${docdir}'
pgconfig=''
prefix='/usr/local'
program_transform_name='s,x,x,'
psdir='${docdir}'
sbindir='${exec_prefix}/sbin'
sharedstatedir='${prefix}/com'
sysconfdir='${prefix}/etc'
target_alias=''

## ----------- ##
## confdefs.h. ##
## ----------- ##

/* confdefs.h */
#define PACKAGE_NAME "sphinx"
#define PACKAGE_TARNAME "sphinx"
#define PACKAGE_VERSION "2.0.5"
#define PACKAGE_STRING "sphinx 2.0.5"
#define PACKAGE_BUGREPORT "shodan(at)sphinxsearch.com"
#define PACKAGE_URL ""
#define PACKAGE "sphinx"
#define VERSION "2.0.5"
#define COMPILER "gcc 4.4.3"
#define OS_UNAME "Linux yuva12-desktop 2.6.32-38-generic #83-Ubuntu SMP Wed Jan 4 11:13:04 UTC 2012 i686 GNU/Linux"
#define STDC_HEADERS 1
#define HAVE_SYS_WAIT_H 1
#define HAVE_SYS_TYPES_H 1
#define HAVE_SYS_STAT_H 1
#define HAVE_STDLIB_H 1
#define HAVE_STRING_H 1
#define HAVE_MEMORY_H 1
#define HAVE_STRINGS_H 1
#define HAVE_INTTYPES_H 1
#define HAVE_STDINT_H 1
#define HAVE_UNISTD_H 1
#define HAVE_FCNTL_H 1
#define HAVE_LIMITS_H 1
#define HAVE_NETDB_H 1
#define HAVE_NETINET_IN_H 1
#define HAVE_STDLIB_H 1
#define HAVE_STRING_H 1
#define HAVE_SYS_FILE_H 1
#define HAVE_SYS_SOCKET_H 1
#define HAVE_SYS_TIME_H 1
#define HAVE_UNISTD_H 1
#define HAVE_PTHREAD_H 1
#define HAVE_EXECINFO_H 1
#define HAVE__BOOL 1
#define HAVE_STDBOOL_H 1
#define TIME_WITH_SYS_TIME 1
#define HAVE_FORK 1
#define HAVE_VFORK 1
#define HAVE_WORKING_VFORK 1
#define HAVE_WORKING_FORK 1
#define HAVE_STDLIB_H 1
#define HAVE_MALLOC 1
#define HAVE_STDLIB_H 1
#define HAVE_REALLOC 1
#define HAVE_SYS_SELECT_H 1
#define HAVE_SYS_SOCKET_H 1
#define SELECT_TYPE_ARG1 int
#define SELECT_TYPE_ARG234 (fd_set *)
#define SELECT_TYPE_ARG5 (struct timeval *)
#define RETSIGTYPE void
#define LSTAT_FOLLOWS_SLASHED_SYMLINK 1
#define HAVE_VPRINTF 1
#define HAVE_DUP2 1
#define HAVE_GETHOSTBYNAME 1
#define HAVE_GETTIMEOFDAY 1
#define HAVE_MEMMOVE 1
#define HAVE_MEMSET 1
#define HAVE_SELECT 1
#define HAVE_SOCKET 1
#define HAVE_STRCASECMP 1
#define HAVE_STRCHR 1
#define HAVE_STRERROR 1
#define HAVE_STRNCASECMP 1
#define HAVE_STRSTR 1
#define HAVE_STRTOL 1
#define HAVE_LOGF 1
#define HAVE_PREAD 1
#define HAVE_BACKTRACE 1
#define HAVE_BACKTRACE_SYMBOLS 1
#define HAVE_LIBRT 1
#define HAVE_CLOCK_GETTIME 1
#define HAVE_LOCK_EX 1
#define HAVE_F_SETLKW 1
#define HAVE_LIBDL 1
#define HAVE_DLOPEN 1
#define HAVE_DLERROR 1
#define HAVE_PTHREAD_MUTEX_TIMEDLOCK 1
#define USE_MYSQL 1
#define USE_64BIT 0
#define USE_LIBSTEMMER 0
#define USE_ZLIB 1
#define UNALIGNED_RAM_ACCESS 1
#define USE_LITTLE_ENDIAN 1

configure: exit 0
